2022-12-25 04:50:12 [scrapy.utils.log] INFO: Scrapy 2.7.1 started (bot: keiba)
2022-12-25 04:50:12 [scrapy.utils.log] INFO: Versions: lxml 4.9.2.0, libxml2 2.9.14, cssselect 1.2.0, parsel 1.7.0, w3lib 2.1.1, Twisted 22.10.0, Python 3.9.16 (main, Dec  8 2022, 02:47:33) - [GCC 10.2.1 20210110], pyOpenSSL 22.1.0 (OpenSSL 3.0.7 1 Nov 2022), cryptography 38.0.4, Platform Linux-5.10.102.1-microsoft-standard-WSL2-x86_64-with-glibc2.31
2022-12-25 04:50:12 [scrapy.crawler] INFO: Overridden settings:
{'BOT_NAME': 'keiba',
 'DOWNLOAD_DELAY': 1,
 'NEWSPIDER_MODULE': 'keiba.spiders',
 'ROBOTSTXT_OBEY': True,
 'SPIDER_MODULES': ['keiba.spiders']}
2022-12-25 04:50:12 [py.warnings] WARNING: /home/keiba/.local/lib/python3.9/site-packages/scrapy/utils/request.py:231: ScrapyDeprecationWarning: '2.6' is a deprecated value for the 'REQUEST_FINGERPRINTER_IMPLEMENTATION' setting.

It is also the default value. In other words, it is normal to get this warning if you have not defined a value for the 'REQUEST_FINGERPRINTER_IMPLEMENTATION' setting. This is so for backward compatibility reasons, but it will change in a future version of Scrapy.

See the documentation of the 'REQUEST_FINGERPRINTER_IMPLEMENTATION' setting for information on how to handle this deprecation.
  return cls(crawler)

2022-12-25 04:50:12 [scrapy.utils.log] DEBUG: Using reactor: twisted.internet.epollreactor.EPollReactor
2022-12-25 04:50:12 [scrapy.extensions.telnet] INFO: Telnet Password: eae91c6f8d6fdccb
2022-12-25 04:50:12 [scrapy.middleware] INFO: Enabled extensions:
['scrapy.extensions.corestats.CoreStats',
 'scrapy.extensions.telnet.TelnetConsole',
 'scrapy.extensions.memusage.MemoryUsage',
 'scrapy.extensions.logstats.LogStats']
2022-12-25 04:50:12 [scrapy.middleware] INFO: Enabled downloader middlewares:
['scrapy.downloadermiddlewares.robotstxt.RobotsTxtMiddleware',
 'scrapy.downloadermiddlewares.httpauth.HttpAuthMiddleware',
 'scrapy.downloadermiddlewares.downloadtimeout.DownloadTimeoutMiddleware',
 'scrapy.downloadermiddlewares.defaultheaders.DefaultHeadersMiddleware',
 'scrapy.downloadermiddlewares.useragent.UserAgentMiddleware',
 'scrapy.downloadermiddlewares.retry.RetryMiddleware',
 'scrapy.downloadermiddlewares.redirect.MetaRefreshMiddleware',
 'scrapy.downloadermiddlewares.httpcompression.HttpCompressionMiddleware',
 'scrapy.downloadermiddlewares.redirect.RedirectMiddleware',
 'scrapy.downloadermiddlewares.cookies.CookiesMiddleware',
 'scrapy.downloadermiddlewares.httpproxy.HttpProxyMiddleware',
 'scrapy.downloadermiddlewares.stats.DownloaderStats']
2022-12-25 04:50:12 [scrapy.middleware] INFO: Enabled spider middlewares:
['scrapy.spidermiddlewares.httperror.HttpErrorMiddleware',
 'scrapy.spidermiddlewares.offsite.OffsiteMiddleware',
 'scrapy.spidermiddlewares.referer.RefererMiddleware',
 'scrapy.spidermiddlewares.urllength.UrlLengthMiddleware',
 'scrapy.spidermiddlewares.depth.DepthMiddleware']
2022-12-25 04:50:12 [scrapy.middleware] INFO: Enabled item pipelines:
[]
2022-12-25 04:50:12 [scrapy.core.engine] INFO: Spider opened
2022-12-25 04:50:12 [scrapy.extensions.logstats] INFO: Crawled 0 pages (at 0 pages/min), scraped 0 items (at 0 items/min)
2022-12-25 04:50:12 [scrapy.extensions.telnet] INFO: Telnet console listening on 127.0.0.1:6023
2022-12-25 04:50:12 [scrapy.core.engine] DEBUG: Crawled (404) <GET https://db.netkeiba.com/robots.txt> (referer: None)
2022-12-25 04:50:14 [filelock] DEBUG: Attempting to acquire lock 140208788108192 on /home/keiba/.cache/python-tldextract/3.9.16.final__local__ecb11d__tldextract-3.4.0/publicsuffix.org-tlds/de84b5ca2167d4c83e38fb162f2e8738.tldextract.json.lock
2022-12-25 04:50:14 [filelock] DEBUG: Lock 140208788108192 acquired on /home/keiba/.cache/python-tldextract/3.9.16.final__local__ecb11d__tldextract-3.4.0/publicsuffix.org-tlds/de84b5ca2167d4c83e38fb162f2e8738.tldextract.json.lock
2022-12-25 04:50:14 [filelock] DEBUG: Attempting to release lock 140208788108192 on /home/keiba/.cache/python-tldextract/3.9.16.final__local__ecb11d__tldextract-3.4.0/publicsuffix.org-tlds/de84b5ca2167d4c83e38fb162f2e8738.tldextract.json.lock
2022-12-25 04:50:14 [filelock] DEBUG: Lock 140208788108192 released on /home/keiba/.cache/python-tldextract/3.9.16.final__local__ecb11d__tldextract-3.4.0/publicsuffix.org-tlds/de84b5ca2167d4c83e38fb162f2e8738.tldextract.json.lock
2022-12-25 04:50:14 [scrapy.core.engine] DEBUG: Crawled (200) <GET https://db.netkeiba.com/race/list/20221201> (referer: None)
============================
■デバッグ
============================
https://db.netkeiba.com/race/list/20221203/
============================
■デバッグ
============================
https://db.netkeiba.com/race/list/20221204/
============================
■デバッグ
============================
https://db.netkeiba.com/race/list/20221210/
============================
■デバッグ
============================
https://db.netkeiba.com/race/list/20221211/
============================
■デバッグ
============================
https://db.netkeiba.com/race/list/20221217/
============================
■デバッグ
============================
https://db.netkeiba.com/race/list/20221218/
2022-12-25 04:50:15 [scrapy.core.engine] DEBUG: Crawled (200) <GET https://db.netkeiba.com/race/list/20221218/> (referer: https://db.netkeiba.com/race/list/20221201)
============================
■デバッグ
============================
                                           url
0   https://db.netkeiba.com/race/202206050601/
1   https://db.netkeiba.com/race/202206050602/
2   https://db.netkeiba.com/race/202206050603/
3   https://db.netkeiba.com/race/202206050604/
4   https://db.netkeiba.com/race/202206050605/
5   https://db.netkeiba.com/race/202206050606/
6   https://db.netkeiba.com/race/202206050607/
7   https://db.netkeiba.com/race/202206050608/
8   https://db.netkeiba.com/race/202206050609/
9   https://db.netkeiba.com/race/202206050610/
10  https://db.netkeiba.com/race/202206050611/
11  https://db.netkeiba.com/race/202206050612/
12  https://db.netkeiba.com/race/202207060601/
13  https://db.netkeiba.com/race/202207060602/
14  https://db.netkeiba.com/race/202207060603/
15  https://db.netkeiba.com/race/202207060604/
16  https://db.netkeiba.com/race/202207060605/
17  https://db.netkeiba.com/race/202207060606/
18  https://db.netkeiba.com/race/202207060607/
19  https://db.netkeiba.com/race/202207060608/
20  https://db.netkeiba.com/race/202207060609/
21  https://db.netkeiba.com/race/202207060610/
22  https://db.netkeiba.com/race/202207060611/
23  https://db.netkeiba.com/race/202207060612/
24  https://db.netkeiba.com/race/202209060601/
25  https://db.netkeiba.com/race/202209060602/
26  https://db.netkeiba.com/race/202209060603/
27  https://db.netkeiba.com/race/202209060604/
28  https://db.netkeiba.com/race/202209060605/
29  https://db.netkeiba.com/race/202209060606/
30  https://db.netkeiba.com/race/202209060607/
31  https://db.netkeiba.com/race/202209060608/
32  https://db.netkeiba.com/race/202209060609/
33  https://db.netkeiba.com/race/202209060610/
34  https://db.netkeiba.com/race/202209060611/
35  https://db.netkeiba.com/race/202209060612/
2022-12-25 04:50:16 [scrapy.core.engine] DEBUG: Crawled (200) <GET https://db.netkeiba.com/race/list/20221217/> (referer: https://db.netkeiba.com/race/list/20221201)
============================
■デバッグ
============================
                                           url
0   https://db.netkeiba.com/race/202206050601/
1   https://db.netkeiba.com/race/202206050602/
2   https://db.netkeiba.com/race/202206050603/
3   https://db.netkeiba.com/race/202206050604/
4   https://db.netkeiba.com/race/202206050605/
..                                         ...
67  https://db.netkeiba.com/race/202209060508/
68  https://db.netkeiba.com/race/202209060509/
69  https://db.netkeiba.com/race/202209060510/
70  https://db.netkeiba.com/race/202209060511/
71  https://db.netkeiba.com/race/202209060512/

[72 rows x 1 columns]
2022-12-25 04:50:17 [scrapy.core.engine] DEBUG: Crawled (200) <GET https://db.netkeiba.com/race/list/20221211/> (referer: https://db.netkeiba.com/race/list/20221201)
============================
■デバッグ
============================
                                            url
0    https://db.netkeiba.com/race/202206050601/
1    https://db.netkeiba.com/race/202206050602/
2    https://db.netkeiba.com/race/202206050603/
3    https://db.netkeiba.com/race/202206050604/
4    https://db.netkeiba.com/race/202206050605/
..                                          ...
103  https://db.netkeiba.com/race/202209060408/
104  https://db.netkeiba.com/race/202209060409/
105  https://db.netkeiba.com/race/202209060410/
106  https://db.netkeiba.com/race/202209060411/
107  https://db.netkeiba.com/race/202209060412/

[108 rows x 1 columns]
2022-12-25 04:50:19 [scrapy.core.engine] DEBUG: Crawled (200) <GET https://db.netkeiba.com/race/list/20221210/> (referer: https://db.netkeiba.com/race/list/20221201)
============================
■デバッグ
============================
                                            url
0    https://db.netkeiba.com/race/202206050601/
1    https://db.netkeiba.com/race/202206050602/
2    https://db.netkeiba.com/race/202206050603/
3    https://db.netkeiba.com/race/202206050604/
4    https://db.netkeiba.com/race/202206050605/
..                                          ...
139  https://db.netkeiba.com/race/202209060308/
140  https://db.netkeiba.com/race/202209060309/
141  https://db.netkeiba.com/race/202209060310/
142  https://db.netkeiba.com/race/202209060311/
143  https://db.netkeiba.com/race/202209060312/

[144 rows x 1 columns]
2022-12-25 04:50:20 [scrapy.core.engine] DEBUG: Crawled (200) <GET https://db.netkeiba.com/race/list/20221204/> (referer: https://db.netkeiba.com/race/list/20221201)
============================
■デバッグ
============================
                                            url
0    https://db.netkeiba.com/race/202206050601/
1    https://db.netkeiba.com/race/202206050602/
2    https://db.netkeiba.com/race/202206050603/
3    https://db.netkeiba.com/race/202206050604/
4    https://db.netkeiba.com/race/202206050605/
..                                          ...
175  https://db.netkeiba.com/race/202209060208/
176  https://db.netkeiba.com/race/202209060209/
177  https://db.netkeiba.com/race/202209060210/
178  https://db.netkeiba.com/race/202209060211/
179  https://db.netkeiba.com/race/202209060212/

[180 rows x 1 columns]
2022-12-25 04:50:21 [scrapy.core.engine] DEBUG: Crawled (200) <GET https://db.netkeiba.com/race/list/20221203/> (referer: https://db.netkeiba.com/race/list/20221201)
============================
■デバッグ
============================
                                            url
0    https://db.netkeiba.com/race/202206050601/
1    https://db.netkeiba.com/race/202206050602/
2    https://db.netkeiba.com/race/202206050603/
3    https://db.netkeiba.com/race/202206050604/
4    https://db.netkeiba.com/race/202206050605/
..                                          ...
211  https://db.netkeiba.com/race/202209060108/
212  https://db.netkeiba.com/race/202209060109/
213  https://db.netkeiba.com/race/202209060110/
214  https://db.netkeiba.com/race/202209060111/
215  https://db.netkeiba.com/race/202209060112/

[216 rows x 1 columns]
2022-12-25 04:50:21 [scrapy.core.engine] INFO: Closing spider (finished)
2022-12-25 04:50:21 [scrapy.statscollectors] INFO: Dumping Scrapy stats:
{'downloader/request_bytes': 2582,
 'downloader/request_count': 8,
 'downloader/request_method_count/GET': 8,
 'downloader/response_bytes': 250392,
 'downloader/response_count': 8,
 'downloader/response_status_count/200': 7,
 'downloader/response_status_count/404': 1,
 'elapsed_time_seconds': 9.273079,
 'finish_reason': 'finished',
 'finish_time': datetime.datetime(2022, 12, 25, 4, 50, 21, 669056),
 'log_count/DEBUG': 13,
 'log_count/INFO': 10,
 'log_count/WARNING': 1,
 'memusage/max': 153137152,
 'memusage/startup': 153137152,
 'request_depth_max': 1,
 'response_received_count': 8,
 'robotstxt/request_count': 1,
 'robotstxt/response_count': 1,
 'robotstxt/response_status_count/404': 1,
 'scheduler/dequeued': 7,
 'scheduler/dequeued/memory': 7,
 'scheduler/enqueued': 7,
 'scheduler/enqueued/memory': 7,
 'start_time': datetime.datetime(2022, 12, 25, 4, 50, 12, 395977)}
2022-12-25 04:50:21 [scrapy.core.engine] INFO: Spider closed (finished)
