2023-01-01 07:13:23 [scrapy.utils.log] INFO: Scrapy 2.7.1 started (bot: keiba)
2023-01-01 07:13:23 [scrapy.utils.log] INFO: Versions: lxml 4.9.2.0, libxml2 2.9.14, cssselect 1.2.0, parsel 1.7.0, w3lib 2.1.1, Twisted 22.10.0, Python 3.9.16 (main, Dec  8 2022, 02:47:33) - [GCC 10.2.1 20210110], pyOpenSSL 22.1.0 (OpenSSL 3.0.7 1 Nov 2022), cryptography 38.0.4, Platform Linux-5.10.102.1-microsoft-standard-WSL2-x86_64-with-glibc2.31
2023-01-01 07:13:23 [scrapy.crawler] INFO: Overridden settings:
{'BOT_NAME': 'keiba',
 'DOWNLOAD_DELAY': 1,
 'NEWSPIDER_MODULE': 'keiba.spiders',
 'ROBOTSTXT_OBEY': True,
 'SPIDER_MODULES': ['keiba.spiders']}
2023-01-01 07:13:23 [py.warnings] WARNING: /home/keiba/.local/lib/python3.9/site-packages/scrapy/utils/request.py:231: ScrapyDeprecationWarning: '2.6' is a deprecated value for the 'REQUEST_FINGERPRINTER_IMPLEMENTATION' setting.

It is also the default value. In other words, it is normal to get this warning if you have not defined a value for the 'REQUEST_FINGERPRINTER_IMPLEMENTATION' setting. This is so for backward compatibility reasons, but it will change in a future version of Scrapy.

See the documentation of the 'REQUEST_FINGERPRINTER_IMPLEMENTATION' setting for information on how to handle this deprecation.
  return cls(crawler)

2023-01-01 07:13:23 [scrapy.utils.log] DEBUG: Using reactor: twisted.internet.epollreactor.EPollReactor
2023-01-01 07:13:23 [scrapy.extensions.telnet] INFO: Telnet Password: 3511ff0e384f794d
2023-01-01 07:13:23 [scrapy.middleware] INFO: Enabled extensions:
['scrapy.extensions.corestats.CoreStats',
 'scrapy.extensions.telnet.TelnetConsole',
 'scrapy.extensions.memusage.MemoryUsage',
 'scrapy.extensions.logstats.LogStats']
2023-01-01 07:13:23 [scrapy.middleware] INFO: Enabled downloader middlewares:
['scrapy.downloadermiddlewares.robotstxt.RobotsTxtMiddleware',
 'scrapy.downloadermiddlewares.httpauth.HttpAuthMiddleware',
 'scrapy.downloadermiddlewares.downloadtimeout.DownloadTimeoutMiddleware',
 'scrapy.downloadermiddlewares.defaultheaders.DefaultHeadersMiddleware',
 'scrapy.downloadermiddlewares.useragent.UserAgentMiddleware',
 'scrapy.downloadermiddlewares.retry.RetryMiddleware',
 'scrapy.downloadermiddlewares.redirect.MetaRefreshMiddleware',
 'scrapy.downloadermiddlewares.httpcompression.HttpCompressionMiddleware',
 'scrapy.downloadermiddlewares.redirect.RedirectMiddleware',
 'scrapy.downloadermiddlewares.cookies.CookiesMiddleware',
 'scrapy.downloadermiddlewares.httpproxy.HttpProxyMiddleware',
 'scrapy.downloadermiddlewares.stats.DownloaderStats']
2023-01-01 07:13:23 [scrapy.middleware] INFO: Enabled spider middlewares:
['scrapy.spidermiddlewares.httperror.HttpErrorMiddleware',
 'scrapy.spidermiddlewares.offsite.OffsiteMiddleware',
 'scrapy.spidermiddlewares.referer.RefererMiddleware',
 'scrapy.spidermiddlewares.urllength.UrlLengthMiddleware',
 'scrapy.spidermiddlewares.depth.DepthMiddleware']
2023-01-01 07:13:23 [scrapy.middleware] INFO: Enabled item pipelines:
[]
2023-01-01 07:13:23 [scrapy.core.engine] INFO: Spider opened
2023-01-01 07:13:23 [scrapy.extensions.logstats] INFO: Crawled 0 pages (at 0 pages/min), scraped 0 items (at 0 items/min)
2023-01-01 07:13:23 [scrapy.extensions.telnet] INFO: Telnet console listening on 127.0.0.1:6025
2023-01-01 07:13:23 [scrapy.core.engine] DEBUG: Crawled (404) <GET https://race.netkeiba.com/robots.txt> (referer: None)
2023-01-01 07:13:25 [filelock] DEBUG: Attempting to acquire lock 140396393639456 on /home/keiba/.cache/python-tldextract/3.9.16.final__local__ecb11d__tldextract-3.4.0/publicsuffix.org-tlds/de84b5ca2167d4c83e38fb162f2e8738.tldextract.json.lock
2023-01-01 07:13:25 [filelock] DEBUG: Lock 140396393639456 acquired on /home/keiba/.cache/python-tldextract/3.9.16.final__local__ecb11d__tldextract-3.4.0/publicsuffix.org-tlds/de84b5ca2167d4c83e38fb162f2e8738.tldextract.json.lock
2023-01-01 07:13:25 [filelock] DEBUG: Attempting to release lock 140396393639456 on /home/keiba/.cache/python-tldextract/3.9.16.final__local__ecb11d__tldextract-3.4.0/publicsuffix.org-tlds/de84b5ca2167d4c83e38fb162f2e8738.tldextract.json.lock
2023-01-01 07:13:25 [filelock] DEBUG: Lock 140396393639456 released on /home/keiba/.cache/python-tldextract/3.9.16.final__local__ecb11d__tldextract-3.4.0/publicsuffix.org-tlds/de84b5ca2167d4c83e38fb162f2e8738.tldextract.json.lock
2023-01-01 07:13:25 [scrapy.core.engine] DEBUG: Crawled (200) <GET https://race.netkeiba.com/top/schedule.html?rf=sidemenu> (referer: None)
2023-01-01 07:13:26 [scrapy.core.engine] DEBUG: Crawled (200) <POST https://race.netkeiba.com/top/schedule.html?rf=sidemenu> (referer: https://race.netkeiba.com/top/schedule.html?rf=sidemenu)
============================
■デバッグ
============================
            レースID        日付           レース名   格 競馬場     距離     条件  馬体重
0    201206010111  01/05(木)           中山金杯  G3  中山  芝2000   4歳上国  ハンデ
1    201208010111  01/05(木)           京都金杯  G3  京都  芝1600   4歳上国  ハンデ
2    201208010211  01/08(日)         シンザン記念  G3  京都  芝1600    3歳国   別定
3    201206010311  01/09(月)         フェアリーS  G3  中山  芝1600   3歳牝国   別定
4    201206010511  01/15(日)            京成杯  G3  中山  芝2000    3歳国   別定
..            ...       ...            ...  ..  ..    ...    ...  ...
124  201207030511  12/15(土)            愛知杯  G3  中京  芝2000  3歳上牝国  ハンデ
125  201206050611  12/16(日)   朝日杯フューチュリティS  G1  中山  芝1600  2歳牡牝国   馬齢
126  201209050711  12/22(土)  ラジオNIKKEI杯2歳S  G3  阪神  芝2000    2歳国   馬齢
127  201206050810  12/23(日)           有馬記念  G1  中山  芝2500   3歳上国   定量
128  201209050911  12/24(月)            阪神C  G2  阪神  芝1400   3歳上国   定量

[129 rows x 8 columns]
2023-01-01 07:13:26 [scrapy.core.engine] INFO: Closing spider (finished)
2023-01-01 07:13:26 [scrapy.statscollectors] INFO: Dumping Scrapy stats:
{'downloader/request_bytes': 927,
 'downloader/request_count': 3,
 'downloader/request_method_count/GET': 2,
 'downloader/request_method_count/POST': 1,
 'downloader/response_bytes': 156957,
 'downloader/response_count': 3,
 'downloader/response_status_count/200': 2,
 'downloader/response_status_count/404': 1,
 'elapsed_time_seconds': 3.197947,
 'finish_reason': 'finished',
 'finish_time': datetime.datetime(2023, 1, 1, 7, 13, 26, 834649),
 'log_count/DEBUG': 8,
 'log_count/INFO': 10,
 'log_count/WARNING': 1,
 'memusage/max': 165302272,
 'memusage/startup': 165302272,
 'request_depth_max': 1,
 'response_received_count': 3,
 'robotstxt/request_count': 1,
 'robotstxt/response_count': 1,
 'robotstxt/response_status_count/404': 1,
 'scheduler/dequeued': 2,
 'scheduler/dequeued/memory': 2,
 'scheduler/enqueued': 2,
 'scheduler/enqueued/memory': 2,
 'start_time': datetime.datetime(2023, 1, 1, 7, 13, 23, 636702)}
2023-01-01 07:13:26 [scrapy.core.engine] INFO: Spider closed (finished)
2023-01-01 07:13:27 [scrapy.utils.log] INFO: Scrapy 2.7.1 started (bot: keiba)
2023-01-01 07:13:27 [scrapy.utils.log] INFO: Versions: lxml 4.9.2.0, libxml2 2.9.14, cssselect 1.2.0, parsel 1.7.0, w3lib 2.1.1, Twisted 22.10.0, Python 3.9.16 (main, Dec  8 2022, 02:47:33) - [GCC 10.2.1 20210110], pyOpenSSL 22.1.0 (OpenSSL 3.0.7 1 Nov 2022), cryptography 38.0.4, Platform Linux-5.10.102.1-microsoft-standard-WSL2-x86_64-with-glibc2.31
2023-01-01 07:13:27 [scrapy.crawler] INFO: Overridden settings:
{'BOT_NAME': 'keiba',
 'DOWNLOAD_DELAY': 1,
 'NEWSPIDER_MODULE': 'keiba.spiders',
 'ROBOTSTXT_OBEY': True,
 'SPIDER_MODULES': ['keiba.spiders']}
2023-01-01 07:13:27 [py.warnings] WARNING: /home/keiba/.local/lib/python3.9/site-packages/scrapy/utils/request.py:231: ScrapyDeprecationWarning: '2.6' is a deprecated value for the 'REQUEST_FINGERPRINTER_IMPLEMENTATION' setting.

It is also the default value. In other words, it is normal to get this warning if you have not defined a value for the 'REQUEST_FINGERPRINTER_IMPLEMENTATION' setting. This is so for backward compatibility reasons, but it will change in a future version of Scrapy.

See the documentation of the 'REQUEST_FINGERPRINTER_IMPLEMENTATION' setting for information on how to handle this deprecation.
  return cls(crawler)

2023-01-01 07:13:27 [scrapy.utils.log] DEBUG: Using reactor: twisted.internet.epollreactor.EPollReactor
2023-01-01 07:13:27 [scrapy.extensions.telnet] INFO: Telnet Password: 36fdf5a5f4013e22
2023-01-01 07:13:27 [scrapy.middleware] INFO: Enabled extensions:
['scrapy.extensions.corestats.CoreStats',
 'scrapy.extensions.telnet.TelnetConsole',
 'scrapy.extensions.memusage.MemoryUsage',
 'scrapy.extensions.logstats.LogStats']
2023-01-01 07:13:27 [scrapy.middleware] INFO: Enabled downloader middlewares:
['scrapy.downloadermiddlewares.robotstxt.RobotsTxtMiddleware',
 'scrapy.downloadermiddlewares.httpauth.HttpAuthMiddleware',
 'scrapy.downloadermiddlewares.downloadtimeout.DownloadTimeoutMiddleware',
 'scrapy.downloadermiddlewares.defaultheaders.DefaultHeadersMiddleware',
 'scrapy.downloadermiddlewares.useragent.UserAgentMiddleware',
 'scrapy.downloadermiddlewares.retry.RetryMiddleware',
 'scrapy.downloadermiddlewares.redirect.MetaRefreshMiddleware',
 'scrapy.downloadermiddlewares.httpcompression.HttpCompressionMiddleware',
 'scrapy.downloadermiddlewares.redirect.RedirectMiddleware',
 'scrapy.downloadermiddlewares.cookies.CookiesMiddleware',
 'scrapy.downloadermiddlewares.httpproxy.HttpProxyMiddleware',
 'scrapy.downloadermiddlewares.stats.DownloaderStats']
2023-01-01 07:13:27 [scrapy.middleware] INFO: Enabled spider middlewares:
['scrapy.spidermiddlewares.httperror.HttpErrorMiddleware',
 'scrapy.spidermiddlewares.offsite.OffsiteMiddleware',
 'scrapy.spidermiddlewares.referer.RefererMiddleware',
 'scrapy.spidermiddlewares.urllength.UrlLengthMiddleware',
 'scrapy.spidermiddlewares.depth.DepthMiddleware']
2023-01-01 07:13:27 [scrapy.middleware] INFO: Enabled item pipelines:
[]
2023-01-01 07:13:27 [scrapy.core.engine] INFO: Spider opened
2023-01-01 07:13:27 [scrapy.extensions.logstats] INFO: Crawled 0 pages (at 0 pages/min), scraped 0 items (at 0 items/min)
2023-01-01 07:13:27 [scrapy.extensions.telnet] INFO: Telnet console listening on 127.0.0.1:6025
2023-01-01 07:13:28 [scrapy.core.engine] DEBUG: Crawled (404) <GET https://race.netkeiba.com/robots.txt> (referer: None)
2023-01-01 07:13:29 [filelock] DEBUG: Attempting to acquire lock 140107789233360 on /home/keiba/.cache/python-tldextract/3.9.16.final__local__ecb11d__tldextract-3.4.0/publicsuffix.org-tlds/de84b5ca2167d4c83e38fb162f2e8738.tldextract.json.lock
2023-01-01 07:13:29 [filelock] DEBUG: Lock 140107789233360 acquired on /home/keiba/.cache/python-tldextract/3.9.16.final__local__ecb11d__tldextract-3.4.0/publicsuffix.org-tlds/de84b5ca2167d4c83e38fb162f2e8738.tldextract.json.lock
2023-01-01 07:13:29 [filelock] DEBUG: Attempting to release lock 140107789233360 on /home/keiba/.cache/python-tldextract/3.9.16.final__local__ecb11d__tldextract-3.4.0/publicsuffix.org-tlds/de84b5ca2167d4c83e38fb162f2e8738.tldextract.json.lock
2023-01-01 07:13:29 [filelock] DEBUG: Lock 140107789233360 released on /home/keiba/.cache/python-tldextract/3.9.16.final__local__ecb11d__tldextract-3.4.0/publicsuffix.org-tlds/de84b5ca2167d4c83e38fb162f2e8738.tldextract.json.lock
2023-01-01 07:13:29 [scrapy.core.engine] DEBUG: Crawled (200) <GET https://race.netkeiba.com/top/schedule.html?rf=sidemenu> (referer: None)
2023-01-01 07:13:30 [scrapy.core.engine] DEBUG: Crawled (200) <POST https://race.netkeiba.com/top/schedule.html?rf=sidemenu> (referer: https://race.netkeiba.com/top/schedule.html?rf=sidemenu)
============================
■デバッグ
============================
            レースID        日付           レース名   格 競馬場     距離     条件  馬体重
0    201306010111  01/05(土)           中山金杯  G3  中山  芝2000   4歳上国  ハンデ
1    201308010111  01/05(土)           京都金杯  G3  京都  芝1600   4歳上国  ハンデ
2    201308010211  01/06(日)         シンザン記念  G3  京都  芝1600    3歳国   別定
3    201306010311  01/12(土)         フェアリーS  G3  中山  芝1600   3歳牝国   別定
4    201308010411  01/13(日)          日経新春杯  G2  京都  芝2400   4歳上国  ハンデ
..            ...       ...            ...  ..  ..    ...    ...  ...
121  201307040511  12/14(土)            愛知杯  G3  中京  芝2000  3歳上牝国  ハンデ
122  201306050611  12/15(日)   朝日杯フューチュリティS  G1  中山  芝1600  2歳牡牝国   馬齢
123  201309050711  12/21(土)  ラジオNIKKEI杯2歳S  G3  阪神  芝2000    2歳国   馬齢
124  201306050810  12/22(日)           有馬記念  G1  中山  芝2500   3歳上国   定量
125  201309050911  12/23(月)            阪神C  G2  阪神  芝1400   3歳上国   定量

[126 rows x 8 columns]
2023-01-01 07:13:30 [scrapy.core.engine] INFO: Closing spider (finished)
2023-01-01 07:13:30 [scrapy.statscollectors] INFO: Dumping Scrapy stats:
{'downloader/request_bytes': 927,
 'downloader/request_count': 3,
 'downloader/request_method_count/GET': 2,
 'downloader/request_method_count/POST': 1,
 'downloader/response_bytes': 155677,
 'downloader/response_count': 3,
 'downloader/response_status_count/200': 2,
 'downloader/response_status_count/404': 1,
 'elapsed_time_seconds': 2.529814,
 'finish_reason': 'finished',
 'finish_time': datetime.datetime(2023, 1, 1, 7, 13, 30, 528326),
 'log_count/DEBUG': 8,
 'log_count/INFO': 10,
 'log_count/WARNING': 1,
 'memusage/max': 165306368,
 'memusage/startup': 165306368,
 'request_depth_max': 1,
 'response_received_count': 3,
 'robotstxt/request_count': 1,
 'robotstxt/response_count': 1,
 'robotstxt/response_status_count/404': 1,
 'scheduler/dequeued': 2,
 'scheduler/dequeued/memory': 2,
 'scheduler/enqueued': 2,
 'scheduler/enqueued/memory': 2,
 'start_time': datetime.datetime(2023, 1, 1, 7, 13, 27, 998512)}
2023-01-01 07:13:30 [scrapy.core.engine] INFO: Spider closed (finished)
2023-01-01 07:13:31 [scrapy.utils.log] INFO: Scrapy 2.7.1 started (bot: keiba)
2023-01-01 07:13:31 [scrapy.utils.log] INFO: Versions: lxml 4.9.2.0, libxml2 2.9.14, cssselect 1.2.0, parsel 1.7.0, w3lib 2.1.1, Twisted 22.10.0, Python 3.9.16 (main, Dec  8 2022, 02:47:33) - [GCC 10.2.1 20210110], pyOpenSSL 22.1.0 (OpenSSL 3.0.7 1 Nov 2022), cryptography 38.0.4, Platform Linux-5.10.102.1-microsoft-standard-WSL2-x86_64-with-glibc2.31
2023-01-01 07:13:31 [scrapy.crawler] INFO: Overridden settings:
{'BOT_NAME': 'keiba',
 'DOWNLOAD_DELAY': 1,
 'NEWSPIDER_MODULE': 'keiba.spiders',
 'ROBOTSTXT_OBEY': True,
 'SPIDER_MODULES': ['keiba.spiders']}
2023-01-01 07:13:31 [py.warnings] WARNING: /home/keiba/.local/lib/python3.9/site-packages/scrapy/utils/request.py:231: ScrapyDeprecationWarning: '2.6' is a deprecated value for the 'REQUEST_FINGERPRINTER_IMPLEMENTATION' setting.

It is also the default value. In other words, it is normal to get this warning if you have not defined a value for the 'REQUEST_FINGERPRINTER_IMPLEMENTATION' setting. This is so for backward compatibility reasons, but it will change in a future version of Scrapy.

See the documentation of the 'REQUEST_FINGERPRINTER_IMPLEMENTATION' setting for information on how to handle this deprecation.
  return cls(crawler)

2023-01-01 07:13:31 [scrapy.utils.log] DEBUG: Using reactor: twisted.internet.epollreactor.EPollReactor
2023-01-01 07:13:31 [scrapy.extensions.telnet] INFO: Telnet Password: 46238b7b822d7dfa
2023-01-01 07:13:31 [scrapy.middleware] INFO: Enabled extensions:
['scrapy.extensions.corestats.CoreStats',
 'scrapy.extensions.telnet.TelnetConsole',
 'scrapy.extensions.memusage.MemoryUsage',
 'scrapy.extensions.logstats.LogStats']
2023-01-01 07:13:31 [scrapy.middleware] INFO: Enabled downloader middlewares:
['scrapy.downloadermiddlewares.robotstxt.RobotsTxtMiddleware',
 'scrapy.downloadermiddlewares.httpauth.HttpAuthMiddleware',
 'scrapy.downloadermiddlewares.downloadtimeout.DownloadTimeoutMiddleware',
 'scrapy.downloadermiddlewares.defaultheaders.DefaultHeadersMiddleware',
 'scrapy.downloadermiddlewares.useragent.UserAgentMiddleware',
 'scrapy.downloadermiddlewares.retry.RetryMiddleware',
 'scrapy.downloadermiddlewares.redirect.MetaRefreshMiddleware',
 'scrapy.downloadermiddlewares.httpcompression.HttpCompressionMiddleware',
 'scrapy.downloadermiddlewares.redirect.RedirectMiddleware',
 'scrapy.downloadermiddlewares.cookies.CookiesMiddleware',
 'scrapy.downloadermiddlewares.httpproxy.HttpProxyMiddleware',
 'scrapy.downloadermiddlewares.stats.DownloaderStats']
2023-01-01 07:13:31 [scrapy.middleware] INFO: Enabled spider middlewares:
['scrapy.spidermiddlewares.httperror.HttpErrorMiddleware',
 'scrapy.spidermiddlewares.offsite.OffsiteMiddleware',
 'scrapy.spidermiddlewares.referer.RefererMiddleware',
 'scrapy.spidermiddlewares.urllength.UrlLengthMiddleware',
 'scrapy.spidermiddlewares.depth.DepthMiddleware']
2023-01-01 07:13:31 [scrapy.middleware] INFO: Enabled item pipelines:
[]
2023-01-01 07:13:31 [scrapy.core.engine] INFO: Spider opened
2023-01-01 07:13:31 [scrapy.extensions.logstats] INFO: Crawled 0 pages (at 0 pages/min), scraped 0 items (at 0 items/min)
2023-01-01 07:13:31 [scrapy.extensions.telnet] INFO: Telnet console listening on 127.0.0.1:6025
2023-01-01 07:13:31 [scrapy.core.engine] DEBUG: Crawled (404) <GET https://race.netkeiba.com/robots.txt> (referer: None)
2023-01-01 07:13:33 [filelock] DEBUG: Attempting to acquire lock 139834128703056 on /home/keiba/.cache/python-tldextract/3.9.16.final__local__ecb11d__tldextract-3.4.0/publicsuffix.org-tlds/de84b5ca2167d4c83e38fb162f2e8738.tldextract.json.lock
2023-01-01 07:13:33 [filelock] DEBUG: Lock 139834128703056 acquired on /home/keiba/.cache/python-tldextract/3.9.16.final__local__ecb11d__tldextract-3.4.0/publicsuffix.org-tlds/de84b5ca2167d4c83e38fb162f2e8738.tldextract.json.lock
2023-01-01 07:13:33 [filelock] DEBUG: Attempting to release lock 139834128703056 on /home/keiba/.cache/python-tldextract/3.9.16.final__local__ecb11d__tldextract-3.4.0/publicsuffix.org-tlds/de84b5ca2167d4c83e38fb162f2e8738.tldextract.json.lock
2023-01-01 07:13:33 [filelock] DEBUG: Lock 139834128703056 released on /home/keiba/.cache/python-tldextract/3.9.16.final__local__ecb11d__tldextract-3.4.0/publicsuffix.org-tlds/de84b5ca2167d4c83e38fb162f2e8738.tldextract.json.lock
2023-01-01 07:13:33 [scrapy.core.engine] DEBUG: Crawled (200) <GET https://race.netkeiba.com/top/schedule.html?rf=sidemenu> (referer: None)
2023-01-01 07:13:34 [scrapy.core.engine] DEBUG: Crawled (200) <POST https://race.netkeiba.com/top/schedule.html?rf=sidemenu> (referer: https://race.netkeiba.com/top/schedule.html?rf=sidemenu)
============================
■デバッグ
============================
            レースID        日付          レース名   格 競馬場     距離     条件  馬体重
0    201406010111  01/05(日)          中山金杯  G3  中山  芝2000   4歳上国  ハンデ
1    201408010111  01/05(日)          京都金杯  G3  京都  芝1600   4歳上国  ハンデ
2    201408010411  01/12(日)        シンザン記念  G3  京都  芝1600    3歳国   別定
3    201406010511  01/13(月)        フェアリーS  G3  中山  芝1600   3歳牝国   別定
4    201406010711  01/19(日)           京成杯  G3  中山  芝2000    3歳国   別定
..            ...       ...           ...  ..  ..    ...    ...  ...
123  201407040511  12/20(土)           愛知杯  G3  中京  芝2000  3歳上牝国  ハンデ
124  201409050611  12/21(日)  朝日杯フューチュリティS  G1  阪神  芝1600  2歳牡牝国   馬齢
125  201406040810  12/28(日)        ホープフルS  G2  中山  芝2000  2歳牡牝国   馬齢
126  201409050711  12/27(土)           阪神C  G2  阪神  芝1400   3歳上国   定量
127  201406040810  12/28(日)          有馬記念  G1  中山  芝2500   3歳上国   定量

[128 rows x 8 columns]
2023-01-01 07:13:34 [scrapy.core.engine] INFO: Closing spider (finished)
2023-01-01 07:13:34 [scrapy.statscollectors] INFO: Dumping Scrapy stats:
{'downloader/request_bytes': 927,
 'downloader/request_count': 3,
 'downloader/request_method_count/GET': 2,
 'downloader/request_method_count/POST': 1,
 'downloader/response_bytes': 156891,
 'downloader/response_count': 3,
 'downloader/response_status_count/200': 2,
 'downloader/response_status_count/404': 1,
 'elapsed_time_seconds': 2.881268,
 'finish_reason': 'finished',
 'finish_time': datetime.datetime(2023, 1, 1, 7, 13, 34, 540999),
 'log_count/DEBUG': 8,
 'log_count/INFO': 10,
 'log_count/WARNING': 1,
 'memusage/max': 165306368,
 'memusage/startup': 165306368,
 'request_depth_max': 1,
 'response_received_count': 3,
 'robotstxt/request_count': 1,
 'robotstxt/response_count': 1,
 'robotstxt/response_status_count/404': 1,
 'scheduler/dequeued': 2,
 'scheduler/dequeued/memory': 2,
 'scheduler/enqueued': 2,
 'scheduler/enqueued/memory': 2,
 'start_time': datetime.datetime(2023, 1, 1, 7, 13, 31, 659731)}
2023-01-01 07:13:34 [scrapy.core.engine] INFO: Spider closed (finished)
2023-01-01 07:13:35 [scrapy.utils.log] INFO: Scrapy 2.7.1 started (bot: keiba)
2023-01-01 07:13:35 [scrapy.utils.log] INFO: Versions: lxml 4.9.2.0, libxml2 2.9.14, cssselect 1.2.0, parsel 1.7.0, w3lib 2.1.1, Twisted 22.10.0, Python 3.9.16 (main, Dec  8 2022, 02:47:33) - [GCC 10.2.1 20210110], pyOpenSSL 22.1.0 (OpenSSL 3.0.7 1 Nov 2022), cryptography 38.0.4, Platform Linux-5.10.102.1-microsoft-standard-WSL2-x86_64-with-glibc2.31
2023-01-01 07:13:35 [scrapy.crawler] INFO: Overridden settings:
{'BOT_NAME': 'keiba',
 'DOWNLOAD_DELAY': 1,
 'NEWSPIDER_MODULE': 'keiba.spiders',
 'ROBOTSTXT_OBEY': True,
 'SPIDER_MODULES': ['keiba.spiders']}
2023-01-01 07:13:35 [py.warnings] WARNING: /home/keiba/.local/lib/python3.9/site-packages/scrapy/utils/request.py:231: ScrapyDeprecationWarning: '2.6' is a deprecated value for the 'REQUEST_FINGERPRINTER_IMPLEMENTATION' setting.

It is also the default value. In other words, it is normal to get this warning if you have not defined a value for the 'REQUEST_FINGERPRINTER_IMPLEMENTATION' setting. This is so for backward compatibility reasons, but it will change in a future version of Scrapy.

See the documentation of the 'REQUEST_FINGERPRINTER_IMPLEMENTATION' setting for information on how to handle this deprecation.
  return cls(crawler)

2023-01-01 07:13:35 [scrapy.utils.log] DEBUG: Using reactor: twisted.internet.epollreactor.EPollReactor
2023-01-01 07:13:35 [scrapy.extensions.telnet] INFO: Telnet Password: 59c432ce65de3328
2023-01-01 07:13:35 [scrapy.middleware] INFO: Enabled extensions:
['scrapy.extensions.corestats.CoreStats',
 'scrapy.extensions.telnet.TelnetConsole',
 'scrapy.extensions.memusage.MemoryUsage',
 'scrapy.extensions.logstats.LogStats']
2023-01-01 07:13:35 [scrapy.middleware] INFO: Enabled downloader middlewares:
['scrapy.downloadermiddlewares.robotstxt.RobotsTxtMiddleware',
 'scrapy.downloadermiddlewares.httpauth.HttpAuthMiddleware',
 'scrapy.downloadermiddlewares.downloadtimeout.DownloadTimeoutMiddleware',
 'scrapy.downloadermiddlewares.defaultheaders.DefaultHeadersMiddleware',
 'scrapy.downloadermiddlewares.useragent.UserAgentMiddleware',
 'scrapy.downloadermiddlewares.retry.RetryMiddleware',
 'scrapy.downloadermiddlewares.redirect.MetaRefreshMiddleware',
 'scrapy.downloadermiddlewares.httpcompression.HttpCompressionMiddleware',
 'scrapy.downloadermiddlewares.redirect.RedirectMiddleware',
 'scrapy.downloadermiddlewares.cookies.CookiesMiddleware',
 'scrapy.downloadermiddlewares.httpproxy.HttpProxyMiddleware',
 'scrapy.downloadermiddlewares.stats.DownloaderStats']
2023-01-01 07:13:35 [scrapy.middleware] INFO: Enabled spider middlewares:
['scrapy.spidermiddlewares.httperror.HttpErrorMiddleware',
 'scrapy.spidermiddlewares.offsite.OffsiteMiddleware',
 'scrapy.spidermiddlewares.referer.RefererMiddleware',
 'scrapy.spidermiddlewares.urllength.UrlLengthMiddleware',
 'scrapy.spidermiddlewares.depth.DepthMiddleware']
2023-01-01 07:13:35 [scrapy.middleware] INFO: Enabled item pipelines:
[]
2023-01-01 07:13:35 [scrapy.core.engine] INFO: Spider opened
2023-01-01 07:13:35 [scrapy.extensions.logstats] INFO: Crawled 0 pages (at 0 pages/min), scraped 0 items (at 0 items/min)
2023-01-01 07:13:35 [scrapy.extensions.telnet] INFO: Telnet console listening on 127.0.0.1:6025
2023-01-01 07:13:35 [scrapy.core.engine] DEBUG: Crawled (404) <GET https://race.netkeiba.com/robots.txt> (referer: None)
2023-01-01 07:13:37 [filelock] DEBUG: Attempting to acquire lock 139917377113200 on /home/keiba/.cache/python-tldextract/3.9.16.final__local__ecb11d__tldextract-3.4.0/publicsuffix.org-tlds/de84b5ca2167d4c83e38fb162f2e8738.tldextract.json.lock
2023-01-01 07:13:37 [filelock] DEBUG: Lock 139917377113200 acquired on /home/keiba/.cache/python-tldextract/3.9.16.final__local__ecb11d__tldextract-3.4.0/publicsuffix.org-tlds/de84b5ca2167d4c83e38fb162f2e8738.tldextract.json.lock
2023-01-01 07:13:37 [filelock] DEBUG: Attempting to release lock 139917377113200 on /home/keiba/.cache/python-tldextract/3.9.16.final__local__ecb11d__tldextract-3.4.0/publicsuffix.org-tlds/de84b5ca2167d4c83e38fb162f2e8738.tldextract.json.lock
2023-01-01 07:13:37 [filelock] DEBUG: Lock 139917377113200 released on /home/keiba/.cache/python-tldextract/3.9.16.final__local__ecb11d__tldextract-3.4.0/publicsuffix.org-tlds/de84b5ca2167d4c83e38fb162f2e8738.tldextract.json.lock
2023-01-01 07:13:37 [scrapy.core.engine] DEBUG: Crawled (200) <GET https://race.netkeiba.com/top/schedule.html?rf=sidemenu> (referer: None)
2023-01-01 07:13:38 [scrapy.core.engine] DEBUG: Crawled (200) <POST https://race.netkeiba.com/top/schedule.html?rf=sidemenu> (referer: https://race.netkeiba.com/top/schedule.html?rf=sidemenu)
============================
■デバッグ
============================
            レースID        日付          レース名   格 競馬場     距離     条件  馬体重
0    201506010111  01/04(日)          中山金杯  G3  中山  芝2000   4歳上国  ハンデ
1    201508010111  01/04(日)          京都金杯  G3  京都  芝1600   4歳上国  ハンデ
2    201508010411  01/11(日)        シンザン記念  G3  京都  芝1600    3歳国   別定
3    201506010511  01/12(月)        フェアリーS  G3  中山  芝1600   3歳牝国   別定
4    201506010711  01/18(日)           京成杯  G3  中山  芝2000    3歳国   別定
..            ...       ...           ...  ..  ..    ...    ...  ...
123  201506050511  12/19(土)        ターコイズS      中山  芝1600  3歳上牝国   別定
124  201509050611  12/20(日)  朝日杯フューチュリティS  G1  阪神  芝1600  2歳牡牝国   馬齢
125  201509050711  12/26(土)           阪神C  G2  阪神  芝1400   3歳上国   定量
126  201506050810  12/27(日)        ホープフルS  G2  中山  芝2000  2歳牡牝国   馬齢
127  201506050810  12/27(日)          有馬記念  G1  中山  芝2500   3歳上国   定量

[128 rows x 8 columns]
2023-01-01 07:13:38 [scrapy.core.engine] INFO: Closing spider (finished)
2023-01-01 07:13:38 [scrapy.statscollectors] INFO: Dumping Scrapy stats:
{'downloader/request_bytes': 927,
 'downloader/request_count': 3,
 'downloader/request_method_count/GET': 2,
 'downloader/request_method_count/POST': 1,
 'downloader/response_bytes': 106191,
 'downloader/response_count': 3,
 'downloader/response_status_count/200': 2,
 'downloader/response_status_count/404': 1,
 'elapsed_time_seconds': 3.092807,
 'finish_reason': 'finished',
 'finish_time': datetime.datetime(2023, 1, 1, 7, 13, 38, 786366),
 'log_count/DEBUG': 8,
 'log_count/INFO': 10,
 'log_count/WARNING': 1,
 'memusage/max': 165306368,
 'memusage/startup': 165306368,
 'request_depth_max': 1,
 'response_received_count': 3,
 'robotstxt/request_count': 1,
 'robotstxt/response_count': 1,
 'robotstxt/response_status_count/404': 1,
 'scheduler/dequeued': 2,
 'scheduler/dequeued/memory': 2,
 'scheduler/enqueued': 2,
 'scheduler/enqueued/memory': 2,
 'start_time': datetime.datetime(2023, 1, 1, 7, 13, 35, 693559)}
2023-01-01 07:13:38 [scrapy.core.engine] INFO: Spider closed (finished)
2023-01-01 07:13:39 [scrapy.utils.log] INFO: Scrapy 2.7.1 started (bot: keiba)
2023-01-01 07:13:39 [scrapy.utils.log] INFO: Versions: lxml 4.9.2.0, libxml2 2.9.14, cssselect 1.2.0, parsel 1.7.0, w3lib 2.1.1, Twisted 22.10.0, Python 3.9.16 (main, Dec  8 2022, 02:47:33) - [GCC 10.2.1 20210110], pyOpenSSL 22.1.0 (OpenSSL 3.0.7 1 Nov 2022), cryptography 38.0.4, Platform Linux-5.10.102.1-microsoft-standard-WSL2-x86_64-with-glibc2.31
2023-01-01 07:13:39 [scrapy.crawler] INFO: Overridden settings:
{'BOT_NAME': 'keiba',
 'DOWNLOAD_DELAY': 1,
 'NEWSPIDER_MODULE': 'keiba.spiders',
 'ROBOTSTXT_OBEY': True,
 'SPIDER_MODULES': ['keiba.spiders']}
2023-01-01 07:13:39 [py.warnings] WARNING: /home/keiba/.local/lib/python3.9/site-packages/scrapy/utils/request.py:231: ScrapyDeprecationWarning: '2.6' is a deprecated value for the 'REQUEST_FINGERPRINTER_IMPLEMENTATION' setting.

It is also the default value. In other words, it is normal to get this warning if you have not defined a value for the 'REQUEST_FINGERPRINTER_IMPLEMENTATION' setting. This is so for backward compatibility reasons, but it will change in a future version of Scrapy.

See the documentation of the 'REQUEST_FINGERPRINTER_IMPLEMENTATION' setting for information on how to handle this deprecation.
  return cls(crawler)

2023-01-01 07:13:39 [scrapy.utils.log] DEBUG: Using reactor: twisted.internet.epollreactor.EPollReactor
2023-01-01 07:13:39 [scrapy.extensions.telnet] INFO: Telnet Password: 8dd0d95d0912fe4b
2023-01-01 07:13:39 [scrapy.middleware] INFO: Enabled extensions:
['scrapy.extensions.corestats.CoreStats',
 'scrapy.extensions.telnet.TelnetConsole',
 'scrapy.extensions.memusage.MemoryUsage',
 'scrapy.extensions.logstats.LogStats']
2023-01-01 07:13:39 [scrapy.middleware] INFO: Enabled downloader middlewares:
['scrapy.downloadermiddlewares.robotstxt.RobotsTxtMiddleware',
 'scrapy.downloadermiddlewares.httpauth.HttpAuthMiddleware',
 'scrapy.downloadermiddlewares.downloadtimeout.DownloadTimeoutMiddleware',
 'scrapy.downloadermiddlewares.defaultheaders.DefaultHeadersMiddleware',
 'scrapy.downloadermiddlewares.useragent.UserAgentMiddleware',
 'scrapy.downloadermiddlewares.retry.RetryMiddleware',
 'scrapy.downloadermiddlewares.redirect.MetaRefreshMiddleware',
 'scrapy.downloadermiddlewares.httpcompression.HttpCompressionMiddleware',
 'scrapy.downloadermiddlewares.redirect.RedirectMiddleware',
 'scrapy.downloadermiddlewares.cookies.CookiesMiddleware',
 'scrapy.downloadermiddlewares.httpproxy.HttpProxyMiddleware',
 'scrapy.downloadermiddlewares.stats.DownloaderStats']
2023-01-01 07:13:39 [scrapy.middleware] INFO: Enabled spider middlewares:
['scrapy.spidermiddlewares.httperror.HttpErrorMiddleware',
 'scrapy.spidermiddlewares.offsite.OffsiteMiddleware',
 'scrapy.spidermiddlewares.referer.RefererMiddleware',
 'scrapy.spidermiddlewares.urllength.UrlLengthMiddleware',
 'scrapy.spidermiddlewares.depth.DepthMiddleware']
2023-01-01 07:13:39 [scrapy.middleware] INFO: Enabled item pipelines:
[]
2023-01-01 07:13:39 [scrapy.core.engine] INFO: Spider opened
2023-01-01 07:13:39 [scrapy.extensions.logstats] INFO: Crawled 0 pages (at 0 pages/min), scraped 0 items (at 0 items/min)
2023-01-01 07:13:39 [scrapy.extensions.telnet] INFO: Telnet console listening on 127.0.0.1:6025
2023-01-01 07:13:40 [scrapy.core.engine] DEBUG: Crawled (404) <GET https://race.netkeiba.com/robots.txt> (referer: None)
2023-01-01 07:13:41 [filelock] DEBUG: Attempting to acquire lock 139691680517472 on /home/keiba/.cache/python-tldextract/3.9.16.final__local__ecb11d__tldextract-3.4.0/publicsuffix.org-tlds/de84b5ca2167d4c83e38fb162f2e8738.tldextract.json.lock
2023-01-01 07:13:41 [filelock] DEBUG: Lock 139691680517472 acquired on /home/keiba/.cache/python-tldextract/3.9.16.final__local__ecb11d__tldextract-3.4.0/publicsuffix.org-tlds/de84b5ca2167d4c83e38fb162f2e8738.tldextract.json.lock
2023-01-01 07:13:41 [filelock] DEBUG: Attempting to release lock 139691680517472 on /home/keiba/.cache/python-tldextract/3.9.16.final__local__ecb11d__tldextract-3.4.0/publicsuffix.org-tlds/de84b5ca2167d4c83e38fb162f2e8738.tldextract.json.lock
2023-01-01 07:13:41 [filelock] DEBUG: Lock 139691680517472 released on /home/keiba/.cache/python-tldextract/3.9.16.final__local__ecb11d__tldextract-3.4.0/publicsuffix.org-tlds/de84b5ca2167d4c83e38fb162f2e8738.tldextract.json.lock
2023-01-01 07:13:41 [scrapy.core.engine] DEBUG: Crawled (200) <GET https://race.netkeiba.com/top/schedule.html?rf=sidemenu> (referer: None)
2023-01-01 07:13:42 [scrapy.core.engine] DEBUG: Crawled (200) <POST https://race.netkeiba.com/top/schedule.html?rf=sidemenu> (referer: https://race.netkeiba.com/top/schedule.html?rf=sidemenu)
============================
■デバッグ
============================
            レースID        日付          レース名   格 競馬場      距離    条件  馬体重
0    201606010111  01/05(火)          中山金杯  G3  中山  芝2000m   4歳上  ハンデ
1    201608010111  01/05(火)          京都金杯  G3  京都  芝1600m   4歳上  ハンデ
2    201608010311  01/10(日)        シンザン記念  G3  京都  芝1600m    3歳   別定
3    201606010411  01/11(月)        フェアリーS  G3  中山  芝1600m   3歳牝   別定
4    201607010111  01/16(土)           愛知杯  G3  中京  芝2000m  4歳上牝  ハンデ
..            ...       ...           ...  ..  ..     ...   ...  ...
123  201606050511  12/17(土)        ターコイズS      中山  芝1600m  3歳上牝  ハンデ
124  201609050611  12/18(日)  朝日杯フューチュリティS  G1  阪神  芝1600m  2歳牡牝   馬齢
125  201609050811  12/24(土)           阪神C  G2  阪神  芝1400m   3歳上   定量
126  201606050910  12/25(日)          有馬記念  G1  中山  芝2500m   3歳上   定量
127  201606050910  12/25(日)        ホープフルS  G2  中山  芝2000m  2歳牡牝   馬齢

[128 rows x 8 columns]
2023-01-01 07:13:42 [scrapy.core.engine] INFO: Closing spider (finished)
2023-01-01 07:13:42 [scrapy.statscollectors] INFO: Dumping Scrapy stats:
{'downloader/request_bytes': 927,
 'downloader/request_count': 3,
 'downloader/request_method_count/GET': 2,
 'downloader/request_method_count/POST': 1,
 'downloader/response_bytes': 106099,
 'downloader/response_count': 3,
 'downloader/response_status_count/200': 2,
 'downloader/response_status_count/404': 1,
 'elapsed_time_seconds': 2.758161,
 'finish_reason': 'finished',
 'finish_time': datetime.datetime(2023, 1, 1, 7, 13, 42, 721534),
 'log_count/DEBUG': 8,
 'log_count/INFO': 10,
 'log_count/WARNING': 1,
 'memusage/max': 165306368,
 'memusage/startup': 165306368,
 'request_depth_max': 1,
 'response_received_count': 3,
 'robotstxt/request_count': 1,
 'robotstxt/response_count': 1,
 'robotstxt/response_status_count/404': 1,
 'scheduler/dequeued': 2,
 'scheduler/dequeued/memory': 2,
 'scheduler/enqueued': 2,
 'scheduler/enqueued/memory': 2,
 'start_time': datetime.datetime(2023, 1, 1, 7, 13, 39, 963373)}
2023-01-01 07:13:42 [scrapy.core.engine] INFO: Spider closed (finished)
2023-01-01 07:13:43 [scrapy.utils.log] INFO: Scrapy 2.7.1 started (bot: keiba)
2023-01-01 07:13:43 [scrapy.utils.log] INFO: Versions: lxml 4.9.2.0, libxml2 2.9.14, cssselect 1.2.0, parsel 1.7.0, w3lib 2.1.1, Twisted 22.10.0, Python 3.9.16 (main, Dec  8 2022, 02:47:33) - [GCC 10.2.1 20210110], pyOpenSSL 22.1.0 (OpenSSL 3.0.7 1 Nov 2022), cryptography 38.0.4, Platform Linux-5.10.102.1-microsoft-standard-WSL2-x86_64-with-glibc2.31
2023-01-01 07:13:43 [scrapy.crawler] INFO: Overridden settings:
{'BOT_NAME': 'keiba',
 'DOWNLOAD_DELAY': 1,
 'NEWSPIDER_MODULE': 'keiba.spiders',
 'ROBOTSTXT_OBEY': True,
 'SPIDER_MODULES': ['keiba.spiders']}
2023-01-01 07:13:43 [py.warnings] WARNING: /home/keiba/.local/lib/python3.9/site-packages/scrapy/utils/request.py:231: ScrapyDeprecationWarning: '2.6' is a deprecated value for the 'REQUEST_FINGERPRINTER_IMPLEMENTATION' setting.

It is also the default value. In other words, it is normal to get this warning if you have not defined a value for the 'REQUEST_FINGERPRINTER_IMPLEMENTATION' setting. This is so for backward compatibility reasons, but it will change in a future version of Scrapy.

See the documentation of the 'REQUEST_FINGERPRINTER_IMPLEMENTATION' setting for information on how to handle this deprecation.
  return cls(crawler)

2023-01-01 07:13:43 [scrapy.utils.log] DEBUG: Using reactor: twisted.internet.epollreactor.EPollReactor
2023-01-01 07:13:43 [scrapy.extensions.telnet] INFO: Telnet Password: b1381b447e817925
2023-01-01 07:13:43 [scrapy.middleware] INFO: Enabled extensions:
['scrapy.extensions.corestats.CoreStats',
 'scrapy.extensions.telnet.TelnetConsole',
 'scrapy.extensions.memusage.MemoryUsage',
 'scrapy.extensions.logstats.LogStats']
2023-01-01 07:13:43 [scrapy.middleware] INFO: Enabled downloader middlewares:
['scrapy.downloadermiddlewares.robotstxt.RobotsTxtMiddleware',
 'scrapy.downloadermiddlewares.httpauth.HttpAuthMiddleware',
 'scrapy.downloadermiddlewares.downloadtimeout.DownloadTimeoutMiddleware',
 'scrapy.downloadermiddlewares.defaultheaders.DefaultHeadersMiddleware',
 'scrapy.downloadermiddlewares.useragent.UserAgentMiddleware',
 'scrapy.downloadermiddlewares.retry.RetryMiddleware',
 'scrapy.downloadermiddlewares.redirect.MetaRefreshMiddleware',
 'scrapy.downloadermiddlewares.httpcompression.HttpCompressionMiddleware',
 'scrapy.downloadermiddlewares.redirect.RedirectMiddleware',
 'scrapy.downloadermiddlewares.cookies.CookiesMiddleware',
 'scrapy.downloadermiddlewares.httpproxy.HttpProxyMiddleware',
 'scrapy.downloadermiddlewares.stats.DownloaderStats']
2023-01-01 07:13:43 [scrapy.middleware] INFO: Enabled spider middlewares:
['scrapy.spidermiddlewares.httperror.HttpErrorMiddleware',
 'scrapy.spidermiddlewares.offsite.OffsiteMiddleware',
 'scrapy.spidermiddlewares.referer.RefererMiddleware',
 'scrapy.spidermiddlewares.urllength.UrlLengthMiddleware',
 'scrapy.spidermiddlewares.depth.DepthMiddleware']
2023-01-01 07:13:43 [scrapy.middleware] INFO: Enabled item pipelines:
[]
2023-01-01 07:13:43 [scrapy.core.engine] INFO: Spider opened
2023-01-01 07:13:43 [scrapy.extensions.logstats] INFO: Crawled 0 pages (at 0 pages/min), scraped 0 items (at 0 items/min)
2023-01-01 07:13:43 [scrapy.extensions.telnet] INFO: Telnet console listening on 127.0.0.1:6025
2023-01-01 07:13:44 [scrapy.core.engine] DEBUG: Crawled (404) <GET https://race.netkeiba.com/robots.txt> (referer: None)
2023-01-01 07:13:45 [filelock] DEBUG: Attempting to acquire lock 140311309712304 on /home/keiba/.cache/python-tldextract/3.9.16.final__local__ecb11d__tldextract-3.4.0/publicsuffix.org-tlds/de84b5ca2167d4c83e38fb162f2e8738.tldextract.json.lock
2023-01-01 07:13:45 [filelock] DEBUG: Lock 140311309712304 acquired on /home/keiba/.cache/python-tldextract/3.9.16.final__local__ecb11d__tldextract-3.4.0/publicsuffix.org-tlds/de84b5ca2167d4c83e38fb162f2e8738.tldextract.json.lock
2023-01-01 07:13:45 [filelock] DEBUG: Attempting to release lock 140311309712304 on /home/keiba/.cache/python-tldextract/3.9.16.final__local__ecb11d__tldextract-3.4.0/publicsuffix.org-tlds/de84b5ca2167d4c83e38fb162f2e8738.tldextract.json.lock
2023-01-01 07:13:45 [filelock] DEBUG: Lock 140311309712304 released on /home/keiba/.cache/python-tldextract/3.9.16.final__local__ecb11d__tldextract-3.4.0/publicsuffix.org-tlds/de84b5ca2167d4c83e38fb162f2e8738.tldextract.json.lock
2023-01-01 07:13:45 [scrapy.core.engine] DEBUG: Crawled (200) <GET https://race.netkeiba.com/top/schedule.html?rf=sidemenu> (referer: None)
2023-01-01 07:13:46 [scrapy.core.engine] DEBUG: Crawled (200) <POST https://race.netkeiba.com/top/schedule.html?rf=sidemenu> (referer: https://race.netkeiba.com/top/schedule.html?rf=sidemenu)
============================
■デバッグ
============================
            レースID        日付          レース名   格 競馬場      距離    条件  馬体重
0    201706010111  01/05(木)          中山金杯  G3  中山  芝2000m   4歳上  ハンデ
1    201708010111  01/05(木)          京都金杯  G3  京都  芝1600m   4歳上  ハンデ
2    201708010311  01/08(日)        シンザン記念  G3  京都  芝1600m    3歳   別定
3    201706010311  01/08(日)        フェアリーS  G3  中山  芝1600m   3歳牝   別定
4    201707010111  01/14(土)           愛知杯  G3  中京  芝2000m  4歳上牝  ハンデ
..            ...       ...           ...  ..  ..     ...   ...  ...
123  201706050511  12/16(土)        ターコイズS  G3  中山  芝1600m  3歳上牝  ハンデ
124  201709050611  12/17(日)  朝日杯フューチュリティS  G1  阪神  芝1600m  2歳牡牝   馬齢
125  201709050711  12/23(土)           阪神C  G2  阪神  芝1400m   3歳上   定量
126  201706050811  12/24(日)          有馬記念  G1  中山  芝2500m   3歳上   定量
127  201706050911  12/28(木)        ホープフルS  G1  中山  芝2000m  2歳牡牝   馬齢

[128 rows x 8 columns]
2023-01-01 07:13:46 [scrapy.core.engine] INFO: Closing spider (finished)
2023-01-01 07:13:46 [scrapy.statscollectors] INFO: Dumping Scrapy stats:
{'downloader/request_bytes': 927,
 'downloader/request_count': 3,
 'downloader/request_method_count/GET': 2,
 'downloader/request_method_count/POST': 1,
 'downloader/response_bytes': 106099,
 'downloader/response_count': 3,
 'downloader/response_status_count/200': 2,
 'downloader/response_status_count/404': 1,
 'elapsed_time_seconds': 2.9845,
 'finish_reason': 'finished',
 'finish_time': datetime.datetime(2023, 1, 1, 7, 13, 46, 862051),
 'log_count/DEBUG': 8,
 'log_count/INFO': 10,
 'log_count/WARNING': 1,
 'memusage/max': 165306368,
 'memusage/startup': 165306368,
 'request_depth_max': 1,
 'response_received_count': 3,
 'robotstxt/request_count': 1,
 'robotstxt/response_count': 1,
 'robotstxt/response_status_count/404': 1,
 'scheduler/dequeued': 2,
 'scheduler/dequeued/memory': 2,
 'scheduler/enqueued': 2,
 'scheduler/enqueued/memory': 2,
 'start_time': datetime.datetime(2023, 1, 1, 7, 13, 43, 877551)}
2023-01-01 07:13:46 [scrapy.core.engine] INFO: Spider closed (finished)
2023-01-01 07:13:47 [scrapy.utils.log] INFO: Scrapy 2.7.1 started (bot: keiba)
2023-01-01 07:13:47 [scrapy.utils.log] INFO: Versions: lxml 4.9.2.0, libxml2 2.9.14, cssselect 1.2.0, parsel 1.7.0, w3lib 2.1.1, Twisted 22.10.0, Python 3.9.16 (main, Dec  8 2022, 02:47:33) - [GCC 10.2.1 20210110], pyOpenSSL 22.1.0 (OpenSSL 3.0.7 1 Nov 2022), cryptography 38.0.4, Platform Linux-5.10.102.1-microsoft-standard-WSL2-x86_64-with-glibc2.31
2023-01-01 07:13:47 [scrapy.crawler] INFO: Overridden settings:
{'BOT_NAME': 'keiba',
 'DOWNLOAD_DELAY': 1,
 'NEWSPIDER_MODULE': 'keiba.spiders',
 'ROBOTSTXT_OBEY': True,
 'SPIDER_MODULES': ['keiba.spiders']}
2023-01-01 07:13:47 [py.warnings] WARNING: /home/keiba/.local/lib/python3.9/site-packages/scrapy/utils/request.py:231: ScrapyDeprecationWarning: '2.6' is a deprecated value for the 'REQUEST_FINGERPRINTER_IMPLEMENTATION' setting.

It is also the default value. In other words, it is normal to get this warning if you have not defined a value for the 'REQUEST_FINGERPRINTER_IMPLEMENTATION' setting. This is so for backward compatibility reasons, but it will change in a future version of Scrapy.

See the documentation of the 'REQUEST_FINGERPRINTER_IMPLEMENTATION' setting for information on how to handle this deprecation.
  return cls(crawler)

2023-01-01 07:13:47 [scrapy.utils.log] DEBUG: Using reactor: twisted.internet.epollreactor.EPollReactor
2023-01-01 07:13:47 [scrapy.extensions.telnet] INFO: Telnet Password: 2dc9d056f3f469b0
2023-01-01 07:13:47 [scrapy.middleware] INFO: Enabled extensions:
['scrapy.extensions.corestats.CoreStats',
 'scrapy.extensions.telnet.TelnetConsole',
 'scrapy.extensions.memusage.MemoryUsage',
 'scrapy.extensions.logstats.LogStats']
2023-01-01 07:13:47 [scrapy.middleware] INFO: Enabled downloader middlewares:
['scrapy.downloadermiddlewares.robotstxt.RobotsTxtMiddleware',
 'scrapy.downloadermiddlewares.httpauth.HttpAuthMiddleware',
 'scrapy.downloadermiddlewares.downloadtimeout.DownloadTimeoutMiddleware',
 'scrapy.downloadermiddlewares.defaultheaders.DefaultHeadersMiddleware',
 'scrapy.downloadermiddlewares.useragent.UserAgentMiddleware',
 'scrapy.downloadermiddlewares.retry.RetryMiddleware',
 'scrapy.downloadermiddlewares.redirect.MetaRefreshMiddleware',
 'scrapy.downloadermiddlewares.httpcompression.HttpCompressionMiddleware',
 'scrapy.downloadermiddlewares.redirect.RedirectMiddleware',
 'scrapy.downloadermiddlewares.cookies.CookiesMiddleware',
 'scrapy.downloadermiddlewares.httpproxy.HttpProxyMiddleware',
 'scrapy.downloadermiddlewares.stats.DownloaderStats']
2023-01-01 07:13:47 [scrapy.middleware] INFO: Enabled spider middlewares:
['scrapy.spidermiddlewares.httperror.HttpErrorMiddleware',
 'scrapy.spidermiddlewares.offsite.OffsiteMiddleware',
 'scrapy.spidermiddlewares.referer.RefererMiddleware',
 'scrapy.spidermiddlewares.urllength.UrlLengthMiddleware',
 'scrapy.spidermiddlewares.depth.DepthMiddleware']
2023-01-01 07:13:47 [scrapy.middleware] INFO: Enabled item pipelines:
[]
2023-01-01 07:13:47 [scrapy.core.engine] INFO: Spider opened
2023-01-01 07:13:48 [scrapy.extensions.logstats] INFO: Crawled 0 pages (at 0 pages/min), scraped 0 items (at 0 items/min)
2023-01-01 07:13:48 [scrapy.extensions.telnet] INFO: Telnet console listening on 127.0.0.1:6025
2023-01-01 07:13:48 [scrapy.core.engine] DEBUG: Crawled (404) <GET https://race.netkeiba.com/robots.txt> (referer: None)
2023-01-01 07:13:49 [filelock] DEBUG: Attempting to acquire lock 140593568955744 on /home/keiba/.cache/python-tldextract/3.9.16.final__local__ecb11d__tldextract-3.4.0/publicsuffix.org-tlds/de84b5ca2167d4c83e38fb162f2e8738.tldextract.json.lock
2023-01-01 07:13:49 [filelock] DEBUG: Lock 140593568955744 acquired on /home/keiba/.cache/python-tldextract/3.9.16.final__local__ecb11d__tldextract-3.4.0/publicsuffix.org-tlds/de84b5ca2167d4c83e38fb162f2e8738.tldextract.json.lock
2023-01-01 07:13:49 [filelock] DEBUG: Attempting to release lock 140593568955744 on /home/keiba/.cache/python-tldextract/3.9.16.final__local__ecb11d__tldextract-3.4.0/publicsuffix.org-tlds/de84b5ca2167d4c83e38fb162f2e8738.tldextract.json.lock
2023-01-01 07:13:49 [filelock] DEBUG: Lock 140593568955744 released on /home/keiba/.cache/python-tldextract/3.9.16.final__local__ecb11d__tldextract-3.4.0/publicsuffix.org-tlds/de84b5ca2167d4c83e38fb162f2e8738.tldextract.json.lock
2023-01-01 07:13:49 [scrapy.core.engine] DEBUG: Crawled (200) <GET https://race.netkeiba.com/top/schedule.html?rf=sidemenu> (referer: None)
2023-01-01 07:13:50 [scrapy.core.engine] DEBUG: Crawled (200) <POST https://race.netkeiba.com/top/schedule.html?rf=sidemenu> (referer: https://race.netkeiba.com/top/schedule.html?rf=sidemenu)
============================
■デバッグ
============================
            レースID        日付          レース名   格 競馬場      距離    条件  馬体重
0    201806010111  01/06(土)          中山金杯  G3  中山  芝2000m   4歳上  ハンデ
1    201808010111  01/06(土)          京都金杯  G3  京都  芝1600m   4歳上  ハンデ
2    201806010211  01/07(日)        フェアリーS  G3  中山  芝1600m   3歳牝   別定
3    201808010311  01/08(月)        シンザン記念  G3  京都  芝1600m    3歳   別定
4    201807010111  01/13(土)           愛知杯  G3  中京  芝2000m  4歳上牝  ハンデ
..            ...       ...           ...  ..  ..     ...   ...  ...
126  201806050511  12/15(土)        ターコイズS  G3  中山  芝1600m  3歳上牝  ハンデ
127  201809050611  12/16(日)  朝日杯フューチュリティS  G1  阪神  芝1600m  2歳牡牝   馬齢
128  201809050711  12/22(土)           阪神C  G2  阪神  芝1400m   3歳上   定量
129  201806050811  12/23(日)          有馬記念  G1  中山  芝2500m   3歳上   定量
130  201806050911  12/28(金)        ホープフルS  G1  中山  芝2000m  2歳牡牝   馬齢

[131 rows x 8 columns]
2023-01-01 07:13:50 [scrapy.core.engine] INFO: Closing spider (finished)
2023-01-01 07:13:50 [scrapy.statscollectors] INFO: Dumping Scrapy stats:
{'downloader/request_bytes': 927,
 'downloader/request_count': 3,
 'downloader/request_method_count/GET': 2,
 'downloader/request_method_count/POST': 1,
 'downloader/response_bytes': 213030,
 'downloader/response_count': 3,
 'downloader/response_status_count/200': 2,
 'downloader/response_status_count/404': 1,
 'elapsed_time_seconds': 2.78345,
 'finish_reason': 'finished',
 'finish_time': datetime.datetime(2023, 1, 1, 7, 13, 50, 807625),
 'log_count/DEBUG': 8,
 'log_count/INFO': 10,
 'log_count/WARNING': 1,
 'memusage/max': 165306368,
 'memusage/startup': 165306368,
 'request_depth_max': 1,
 'response_received_count': 3,
 'robotstxt/request_count': 1,
 'robotstxt/response_count': 1,
 'robotstxt/response_status_count/404': 1,
 'scheduler/dequeued': 2,
 'scheduler/dequeued/memory': 2,
 'scheduler/enqueued': 2,
 'scheduler/enqueued/memory': 2,
 'start_time': datetime.datetime(2023, 1, 1, 7, 13, 48, 24175)}
2023-01-01 07:13:50 [scrapy.core.engine] INFO: Spider closed (finished)
2023-01-01 07:13:51 [scrapy.utils.log] INFO: Scrapy 2.7.1 started (bot: keiba)
2023-01-01 07:13:51 [scrapy.utils.log] INFO: Versions: lxml 4.9.2.0, libxml2 2.9.14, cssselect 1.2.0, parsel 1.7.0, w3lib 2.1.1, Twisted 22.10.0, Python 3.9.16 (main, Dec  8 2022, 02:47:33) - [GCC 10.2.1 20210110], pyOpenSSL 22.1.0 (OpenSSL 3.0.7 1 Nov 2022), cryptography 38.0.4, Platform Linux-5.10.102.1-microsoft-standard-WSL2-x86_64-with-glibc2.31
2023-01-01 07:13:51 [scrapy.crawler] INFO: Overridden settings:
{'BOT_NAME': 'keiba',
 'DOWNLOAD_DELAY': 1,
 'NEWSPIDER_MODULE': 'keiba.spiders',
 'ROBOTSTXT_OBEY': True,
 'SPIDER_MODULES': ['keiba.spiders']}
2023-01-01 07:13:51 [py.warnings] WARNING: /home/keiba/.local/lib/python3.9/site-packages/scrapy/utils/request.py:231: ScrapyDeprecationWarning: '2.6' is a deprecated value for the 'REQUEST_FINGERPRINTER_IMPLEMENTATION' setting.

It is also the default value. In other words, it is normal to get this warning if you have not defined a value for the 'REQUEST_FINGERPRINTER_IMPLEMENTATION' setting. This is so for backward compatibility reasons, but it will change in a future version of Scrapy.

See the documentation of the 'REQUEST_FINGERPRINTER_IMPLEMENTATION' setting for information on how to handle this deprecation.
  return cls(crawler)

2023-01-01 07:13:51 [scrapy.utils.log] DEBUG: Using reactor: twisted.internet.epollreactor.EPollReactor
2023-01-01 07:13:51 [scrapy.extensions.telnet] INFO: Telnet Password: dcac3810b0072a52
2023-01-01 07:13:51 [scrapy.middleware] INFO: Enabled extensions:
['scrapy.extensions.corestats.CoreStats',
 'scrapy.extensions.telnet.TelnetConsole',
 'scrapy.extensions.memusage.MemoryUsage',
 'scrapy.extensions.logstats.LogStats']
2023-01-01 07:13:51 [scrapy.middleware] INFO: Enabled downloader middlewares:
['scrapy.downloadermiddlewares.robotstxt.RobotsTxtMiddleware',
 'scrapy.downloadermiddlewares.httpauth.HttpAuthMiddleware',
 'scrapy.downloadermiddlewares.downloadtimeout.DownloadTimeoutMiddleware',
 'scrapy.downloadermiddlewares.defaultheaders.DefaultHeadersMiddleware',
 'scrapy.downloadermiddlewares.useragent.UserAgentMiddleware',
 'scrapy.downloadermiddlewares.retry.RetryMiddleware',
 'scrapy.downloadermiddlewares.redirect.MetaRefreshMiddleware',
 'scrapy.downloadermiddlewares.httpcompression.HttpCompressionMiddleware',
 'scrapy.downloadermiddlewares.redirect.RedirectMiddleware',
 'scrapy.downloadermiddlewares.cookies.CookiesMiddleware',
 'scrapy.downloadermiddlewares.httpproxy.HttpProxyMiddleware',
 'scrapy.downloadermiddlewares.stats.DownloaderStats']
2023-01-01 07:13:51 [scrapy.middleware] INFO: Enabled spider middlewares:
['scrapy.spidermiddlewares.httperror.HttpErrorMiddleware',
 'scrapy.spidermiddlewares.offsite.OffsiteMiddleware',
 'scrapy.spidermiddlewares.referer.RefererMiddleware',
 'scrapy.spidermiddlewares.urllength.UrlLengthMiddleware',
 'scrapy.spidermiddlewares.depth.DepthMiddleware']
2023-01-01 07:13:51 [scrapy.middleware] INFO: Enabled item pipelines:
[]
2023-01-01 07:13:51 [scrapy.core.engine] INFO: Spider opened
2023-01-01 07:13:51 [scrapy.extensions.logstats] INFO: Crawled 0 pages (at 0 pages/min), scraped 0 items (at 0 items/min)
2023-01-01 07:13:51 [scrapy.extensions.telnet] INFO: Telnet console listening on 127.0.0.1:6025
2023-01-01 07:13:52 [scrapy.core.engine] DEBUG: Crawled (404) <GET https://race.netkeiba.com/robots.txt> (referer: None)
2023-01-01 07:13:52 [filelock] DEBUG: Attempting to acquire lock 139837069758032 on /home/keiba/.cache/python-tldextract/3.9.16.final__local__ecb11d__tldextract-3.4.0/publicsuffix.org-tlds/de84b5ca2167d4c83e38fb162f2e8738.tldextract.json.lock
2023-01-01 07:13:52 [filelock] DEBUG: Lock 139837069758032 acquired on /home/keiba/.cache/python-tldextract/3.9.16.final__local__ecb11d__tldextract-3.4.0/publicsuffix.org-tlds/de84b5ca2167d4c83e38fb162f2e8738.tldextract.json.lock
2023-01-01 07:13:52 [filelock] DEBUG: Attempting to release lock 139837069758032 on /home/keiba/.cache/python-tldextract/3.9.16.final__local__ecb11d__tldextract-3.4.0/publicsuffix.org-tlds/de84b5ca2167d4c83e38fb162f2e8738.tldextract.json.lock
2023-01-01 07:13:52 [filelock] DEBUG: Lock 139837069758032 released on /home/keiba/.cache/python-tldextract/3.9.16.final__local__ecb11d__tldextract-3.4.0/publicsuffix.org-tlds/de84b5ca2167d4c83e38fb162f2e8738.tldextract.json.lock
2023-01-01 07:13:52 [scrapy.core.engine] DEBUG: Crawled (200) <GET https://race.netkeiba.com/top/schedule.html?rf=sidemenu> (referer: None)
2023-01-01 07:13:54 [scrapy.core.engine] DEBUG: Crawled (200) <POST https://race.netkeiba.com/top/schedule.html?rf=sidemenu> (referer: https://race.netkeiba.com/top/schedule.html?rf=sidemenu)
============================
■デバッグ
============================
            レースID        日付          レース名   格 競馬場      距離    条件  馬体重
0    201906010111  01/05(土)          中山金杯  G3  中山  芝2000m   4歳上  ハンデ
1    201908010111  01/05(土)          京都金杯  G3  京都  芝1600m   4歳上  ハンデ
2    201908010211  01/06(日)        シンザン記念  G3  京都  芝1600m    3歳   別定
3    201906010311  01/12(土)        フェアリーS  G3  中山  芝1600m   3歳牝   別定
4    201908010411  01/13(日)         日経新春杯  G2  京都  芝2400m   4歳上  ハンデ
..            ...       ...           ...  ..  ..     ...   ...  ...
124  201906050511  12/14(土)        ターコイズS  G3  中山  芝1600m  3歳上牝  ハンデ
125  201909050611  12/15(日)  朝日杯フューチュリティS  G1  阪神  芝1600m  2歳牡牝   馬齢
126  201909050711  12/21(土)           阪神C  G2  阪神  芝1400m   3歳上   定量
127  201906050811  12/22(日)          有馬記念  G1  中山  芝2500m   3歳上   定量
128  201906050911  12/28(土)        ホープフルS  G1  中山  芝2000m  2歳牡牝   馬齢

[129 rows x 8 columns]
2023-01-01 07:13:54 [scrapy.core.engine] INFO: Closing spider (finished)
2023-01-01 07:13:54 [scrapy.statscollectors] INFO: Dumping Scrapy stats:
{'downloader/request_bytes': 927,
 'downloader/request_count': 3,
 'downloader/request_method_count/GET': 2,
 'downloader/request_method_count/POST': 1,
 'downloader/response_bytes': 106317,
 'downloader/response_count': 3,
 'downloader/response_status_count/200': 2,
 'downloader/response_status_count/404': 1,
 'elapsed_time_seconds': 2.5766,
 'finish_reason': 'finished',
 'finish_time': datetime.datetime(2023, 1, 1, 7, 13, 54, 547309),
 'log_count/DEBUG': 8,
 'log_count/INFO': 10,
 'log_count/WARNING': 1,
 'memusage/max': 165306368,
 'memusage/startup': 165306368,
 'request_depth_max': 1,
 'response_received_count': 3,
 'robotstxt/request_count': 1,
 'robotstxt/response_count': 1,
 'robotstxt/response_status_count/404': 1,
 'scheduler/dequeued': 2,
 'scheduler/dequeued/memory': 2,
 'scheduler/enqueued': 2,
 'scheduler/enqueued/memory': 2,
 'start_time': datetime.datetime(2023, 1, 1, 7, 13, 51, 970709)}
2023-01-01 07:13:54 [scrapy.core.engine] INFO: Spider closed (finished)
2023-01-01 07:13:55 [scrapy.utils.log] INFO: Scrapy 2.7.1 started (bot: keiba)
2023-01-01 07:13:55 [scrapy.utils.log] INFO: Versions: lxml 4.9.2.0, libxml2 2.9.14, cssselect 1.2.0, parsel 1.7.0, w3lib 2.1.1, Twisted 22.10.0, Python 3.9.16 (main, Dec  8 2022, 02:47:33) - [GCC 10.2.1 20210110], pyOpenSSL 22.1.0 (OpenSSL 3.0.7 1 Nov 2022), cryptography 38.0.4, Platform Linux-5.10.102.1-microsoft-standard-WSL2-x86_64-with-glibc2.31
2023-01-01 07:13:55 [scrapy.crawler] INFO: Overridden settings:
{'BOT_NAME': 'keiba',
 'DOWNLOAD_DELAY': 1,
 'NEWSPIDER_MODULE': 'keiba.spiders',
 'ROBOTSTXT_OBEY': True,
 'SPIDER_MODULES': ['keiba.spiders']}
2023-01-01 07:13:55 [py.warnings] WARNING: /home/keiba/.local/lib/python3.9/site-packages/scrapy/utils/request.py:231: ScrapyDeprecationWarning: '2.6' is a deprecated value for the 'REQUEST_FINGERPRINTER_IMPLEMENTATION' setting.

It is also the default value. In other words, it is normal to get this warning if you have not defined a value for the 'REQUEST_FINGERPRINTER_IMPLEMENTATION' setting. This is so for backward compatibility reasons, but it will change in a future version of Scrapy.

See the documentation of the 'REQUEST_FINGERPRINTER_IMPLEMENTATION' setting for information on how to handle this deprecation.
  return cls(crawler)

2023-01-01 07:13:55 [scrapy.utils.log] DEBUG: Using reactor: twisted.internet.epollreactor.EPollReactor
2023-01-01 07:13:55 [scrapy.extensions.telnet] INFO: Telnet Password: 4dcaba65890926c4
2023-01-01 07:13:55 [scrapy.middleware] INFO: Enabled extensions:
['scrapy.extensions.corestats.CoreStats',
 'scrapy.extensions.telnet.TelnetConsole',
 'scrapy.extensions.memusage.MemoryUsage',
 'scrapy.extensions.logstats.LogStats']
2023-01-01 07:13:55 [scrapy.middleware] INFO: Enabled downloader middlewares:
['scrapy.downloadermiddlewares.robotstxt.RobotsTxtMiddleware',
 'scrapy.downloadermiddlewares.httpauth.HttpAuthMiddleware',
 'scrapy.downloadermiddlewares.downloadtimeout.DownloadTimeoutMiddleware',
 'scrapy.downloadermiddlewares.defaultheaders.DefaultHeadersMiddleware',
 'scrapy.downloadermiddlewares.useragent.UserAgentMiddleware',
 'scrapy.downloadermiddlewares.retry.RetryMiddleware',
 'scrapy.downloadermiddlewares.redirect.MetaRefreshMiddleware',
 'scrapy.downloadermiddlewares.httpcompression.HttpCompressionMiddleware',
 'scrapy.downloadermiddlewares.redirect.RedirectMiddleware',
 'scrapy.downloadermiddlewares.cookies.CookiesMiddleware',
 'scrapy.downloadermiddlewares.httpproxy.HttpProxyMiddleware',
 'scrapy.downloadermiddlewares.stats.DownloaderStats']
2023-01-01 07:13:55 [scrapy.middleware] INFO: Enabled spider middlewares:
['scrapy.spidermiddlewares.httperror.HttpErrorMiddleware',
 'scrapy.spidermiddlewares.offsite.OffsiteMiddleware',
 'scrapy.spidermiddlewares.referer.RefererMiddleware',
 'scrapy.spidermiddlewares.urllength.UrlLengthMiddleware',
 'scrapy.spidermiddlewares.depth.DepthMiddleware']
2023-01-01 07:13:55 [scrapy.middleware] INFO: Enabled item pipelines:
[]
2023-01-01 07:13:55 [scrapy.core.engine] INFO: Spider opened
2023-01-01 07:13:55 [scrapy.extensions.logstats] INFO: Crawled 0 pages (at 0 pages/min), scraped 0 items (at 0 items/min)
2023-01-01 07:13:55 [scrapy.extensions.telnet] INFO: Telnet console listening on 127.0.0.1:6025
2023-01-01 07:13:55 [scrapy.core.engine] DEBUG: Crawled (404) <GET https://race.netkeiba.com/robots.txt> (referer: None)
2023-01-01 07:13:56 [filelock] DEBUG: Attempting to acquire lock 140125947169856 on /home/keiba/.cache/python-tldextract/3.9.16.final__local__ecb11d__tldextract-3.4.0/publicsuffix.org-tlds/de84b5ca2167d4c83e38fb162f2e8738.tldextract.json.lock
2023-01-01 07:13:56 [filelock] DEBUG: Lock 140125947169856 acquired on /home/keiba/.cache/python-tldextract/3.9.16.final__local__ecb11d__tldextract-3.4.0/publicsuffix.org-tlds/de84b5ca2167d4c83e38fb162f2e8738.tldextract.json.lock
2023-01-01 07:13:56 [filelock] DEBUG: Attempting to release lock 140125947169856 on /home/keiba/.cache/python-tldextract/3.9.16.final__local__ecb11d__tldextract-3.4.0/publicsuffix.org-tlds/de84b5ca2167d4c83e38fb162f2e8738.tldextract.json.lock
2023-01-01 07:13:56 [filelock] DEBUG: Lock 140125947169856 released on /home/keiba/.cache/python-tldextract/3.9.16.final__local__ecb11d__tldextract-3.4.0/publicsuffix.org-tlds/de84b5ca2167d4c83e38fb162f2e8738.tldextract.json.lock
2023-01-01 07:13:56 [scrapy.core.engine] DEBUG: Crawled (200) <GET https://race.netkeiba.com/top/schedule.html?rf=sidemenu> (referer: None)
2023-01-01 07:13:58 [scrapy.core.engine] DEBUG: Crawled (200) <POST https://race.netkeiba.com/top/schedule.html?rf=sidemenu> (referer: https://race.netkeiba.com/top/schedule.html?rf=sidemenu)
============================
■デバッグ
============================
            レースID        日付              レース名   格 競馬場      距離    条件  馬体重
0    202006010111  01/05(日)              中山金杯  G3  中山  芝2000m   4歳上  ハンデ
1    202008010111  01/05(日)              京都金杯  G3  京都  芝1600m   4歳上  ハンデ
2    202008010411  01/12(日)            シンザン記念  G3  京都  芝1600m    3歳   別定
3    202006010511  01/13(月)        フェアリーステークス  G3  中山  芝1600m   3歳牝   別定
4    202010010111  01/18(土)               愛知杯  G3  小倉  芝2000m  4歳上牝  ハンデ
..            ...       ...               ...  ..  ..     ...   ...  ...
124  202006050511  12/19(土)        ターコイズステークス  G3  中山  芝1600m  3歳上牝  ハンデ
125  202009060611  12/20(日)  朝日杯フューチュリティステークス  G1  阪神  芝1600m  2歳牡牝   馬齢
126  202006050711  12/26(土)        ホープフルステークス  G1  中山  芝2000m  2歳牡牝   馬齢
127  202009060711  12/26(土)             阪神カップ  G2  阪神  芝1400m   3歳上   定量
128  202006050811  12/27(日)              有馬記念  G1  中山  芝2500m   3歳上   定量

[129 rows x 8 columns]
2023-01-01 07:13:58 [scrapy.core.engine] INFO: Closing spider (finished)
2023-01-01 07:13:58 [scrapy.statscollectors] INFO: Dumping Scrapy stats:
{'downloader/request_bytes': 927,
 'downloader/request_count': 3,
 'downloader/request_method_count/GET': 2,
 'downloader/request_method_count/POST': 1,
 'downloader/response_bytes': 158056,
 'downloader/response_count': 3,
 'downloader/response_status_count/200': 2,
 'downloader/response_status_count/404': 1,
 'elapsed_time_seconds': 2.966963,
 'finish_reason': 'finished',
 'finish_time': datetime.datetime(2023, 1, 1, 7, 13, 58, 666165),
 'log_count/DEBUG': 8,
 'log_count/INFO': 10,
 'log_count/WARNING': 1,
 'memusage/max': 165306368,
 'memusage/startup': 165306368,
 'request_depth_max': 1,
 'response_received_count': 3,
 'robotstxt/request_count': 1,
 'robotstxt/response_count': 1,
 'robotstxt/response_status_count/404': 1,
 'scheduler/dequeued': 2,
 'scheduler/dequeued/memory': 2,
 'scheduler/enqueued': 2,
 'scheduler/enqueued/memory': 2,
 'start_time': datetime.datetime(2023, 1, 1, 7, 13, 55, 699202)}
2023-01-01 07:13:58 [scrapy.core.engine] INFO: Spider closed (finished)
2023-01-01 07:13:59 [scrapy.utils.log] INFO: Scrapy 2.7.1 started (bot: keiba)
2023-01-01 07:13:59 [scrapy.utils.log] INFO: Versions: lxml 4.9.2.0, libxml2 2.9.14, cssselect 1.2.0, parsel 1.7.0, w3lib 2.1.1, Twisted 22.10.0, Python 3.9.16 (main, Dec  8 2022, 02:47:33) - [GCC 10.2.1 20210110], pyOpenSSL 22.1.0 (OpenSSL 3.0.7 1 Nov 2022), cryptography 38.0.4, Platform Linux-5.10.102.1-microsoft-standard-WSL2-x86_64-with-glibc2.31
2023-01-01 07:13:59 [scrapy.crawler] INFO: Overridden settings:
{'BOT_NAME': 'keiba',
 'DOWNLOAD_DELAY': 1,
 'NEWSPIDER_MODULE': 'keiba.spiders',
 'ROBOTSTXT_OBEY': True,
 'SPIDER_MODULES': ['keiba.spiders']}
2023-01-01 07:13:59 [py.warnings] WARNING: /home/keiba/.local/lib/python3.9/site-packages/scrapy/utils/request.py:231: ScrapyDeprecationWarning: '2.6' is a deprecated value for the 'REQUEST_FINGERPRINTER_IMPLEMENTATION' setting.

It is also the default value. In other words, it is normal to get this warning if you have not defined a value for the 'REQUEST_FINGERPRINTER_IMPLEMENTATION' setting. This is so for backward compatibility reasons, but it will change in a future version of Scrapy.

See the documentation of the 'REQUEST_FINGERPRINTER_IMPLEMENTATION' setting for information on how to handle this deprecation.
  return cls(crawler)

2023-01-01 07:13:59 [scrapy.utils.log] DEBUG: Using reactor: twisted.internet.epollreactor.EPollReactor
2023-01-01 07:13:59 [scrapy.extensions.telnet] INFO: Telnet Password: cff7297aab6efffa
2023-01-01 07:13:59 [scrapy.middleware] INFO: Enabled extensions:
['scrapy.extensions.corestats.CoreStats',
 'scrapy.extensions.telnet.TelnetConsole',
 'scrapy.extensions.memusage.MemoryUsage',
 'scrapy.extensions.logstats.LogStats']
2023-01-01 07:13:59 [scrapy.middleware] INFO: Enabled downloader middlewares:
['scrapy.downloadermiddlewares.robotstxt.RobotsTxtMiddleware',
 'scrapy.downloadermiddlewares.httpauth.HttpAuthMiddleware',
 'scrapy.downloadermiddlewares.downloadtimeout.DownloadTimeoutMiddleware',
 'scrapy.downloadermiddlewares.defaultheaders.DefaultHeadersMiddleware',
 'scrapy.downloadermiddlewares.useragent.UserAgentMiddleware',
 'scrapy.downloadermiddlewares.retry.RetryMiddleware',
 'scrapy.downloadermiddlewares.redirect.MetaRefreshMiddleware',
 'scrapy.downloadermiddlewares.httpcompression.HttpCompressionMiddleware',
 'scrapy.downloadermiddlewares.redirect.RedirectMiddleware',
 'scrapy.downloadermiddlewares.cookies.CookiesMiddleware',
 'scrapy.downloadermiddlewares.httpproxy.HttpProxyMiddleware',
 'scrapy.downloadermiddlewares.stats.DownloaderStats']
2023-01-01 07:13:59 [scrapy.middleware] INFO: Enabled spider middlewares:
['scrapy.spidermiddlewares.httperror.HttpErrorMiddleware',
 'scrapy.spidermiddlewares.offsite.OffsiteMiddleware',
 'scrapy.spidermiddlewares.referer.RefererMiddleware',
 'scrapy.spidermiddlewares.urllength.UrlLengthMiddleware',
 'scrapy.spidermiddlewares.depth.DepthMiddleware']
2023-01-01 07:13:59 [scrapy.middleware] INFO: Enabled item pipelines:
[]
2023-01-01 07:13:59 [scrapy.core.engine] INFO: Spider opened
2023-01-01 07:13:59 [scrapy.extensions.logstats] INFO: Crawled 0 pages (at 0 pages/min), scraped 0 items (at 0 items/min)
2023-01-01 07:13:59 [scrapy.extensions.telnet] INFO: Telnet console listening on 127.0.0.1:6025
2023-01-01 07:13:59 [scrapy.core.engine] DEBUG: Crawled (404) <GET https://race.netkeiba.com/robots.txt> (referer: None)
2023-01-01 07:14:01 [filelock] DEBUG: Attempting to acquire lock 139833440731040 on /home/keiba/.cache/python-tldextract/3.9.16.final__local__ecb11d__tldextract-3.4.0/publicsuffix.org-tlds/de84b5ca2167d4c83e38fb162f2e8738.tldextract.json.lock
2023-01-01 07:14:01 [filelock] DEBUG: Lock 139833440731040 acquired on /home/keiba/.cache/python-tldextract/3.9.16.final__local__ecb11d__tldextract-3.4.0/publicsuffix.org-tlds/de84b5ca2167d4c83e38fb162f2e8738.tldextract.json.lock
2023-01-01 07:14:01 [filelock] DEBUG: Attempting to release lock 139833440731040 on /home/keiba/.cache/python-tldextract/3.9.16.final__local__ecb11d__tldextract-3.4.0/publicsuffix.org-tlds/de84b5ca2167d4c83e38fb162f2e8738.tldextract.json.lock
2023-01-01 07:14:01 [filelock] DEBUG: Lock 139833440731040 released on /home/keiba/.cache/python-tldextract/3.9.16.final__local__ecb11d__tldextract-3.4.0/publicsuffix.org-tlds/de84b5ca2167d4c83e38fb162f2e8738.tldextract.json.lock
2023-01-01 07:14:01 [scrapy.core.engine] DEBUG: Crawled (200) <GET https://race.netkeiba.com/top/schedule.html?rf=sidemenu> (referer: None)
2023-01-01 07:14:02 [scrapy.core.engine] DEBUG: Crawled (200) <POST https://race.netkeiba.com/top/schedule.html?rf=sidemenu> (referer: https://race.netkeiba.com/top/schedule.html?rf=sidemenu)
============================
■デバッグ
============================
            レースID        日付              レース名    格 競馬場      距離    条件  馬体重
0    202106010111  01/05(火)              中山金杯   G3  中山  芝2000m   4歳上  ハンデ
1    202107010111  01/05(火)              京都金杯   G3  中京  芝1600m   4歳上  ハンデ
2    202107010311  01/10(日)            シンザン記念   G3  中京  芝1600m    3歳   別定
3    202106010411  01/11(月)        フェアリーステークス   G3  中山  芝1600m   3歳牝   別定
4    202107010511  01/16(土)               愛知杯   G3  中京  芝2000m  4歳上牝  ハンデ
..            ...       ...               ...  ...  ..     ...   ...  ...
134  202109060611  12/19(日)  朝日杯フューチュリティステークス   G1  阪神  芝1600m  2歳牡牝   馬齢
135  202106050710  12/25(土)             中山大障害  JG1  中山  芝4100m   3歳上   定量
136  202109060711  12/25(土)             阪神カップ   G2  阪神  芝1400m   3歳上   定量
137  202106050811  12/26(日)              有馬記念   G1  中山  芝2500m   3歳上   定量
138  202106050911  12/28(火)        ホープフルステークス   G1  中山  芝2000m  2歳牡牝   馬齢

[139 rows x 8 columns]
2023-01-01 07:14:02 [scrapy.core.engine] INFO: Closing spider (finished)
2023-01-01 07:14:02 [scrapy.statscollectors] INFO: Dumping Scrapy stats:
{'downloader/request_bytes': 927,
 'downloader/request_count': 3,
 'downloader/request_method_count/GET': 2,
 'downloader/request_method_count/POST': 1,
 'downloader/response_bytes': 163709,
 'downloader/response_count': 3,
 'downloader/response_status_count/200': 2,
 'downloader/response_status_count/404': 1,
 'elapsed_time_seconds': 2.897208,
 'finish_reason': 'finished',
 'finish_time': datetime.datetime(2023, 1, 1, 7, 14, 2, 733289),
 'log_count/DEBUG': 8,
 'log_count/INFO': 10,
 'log_count/WARNING': 1,
 'memusage/max': 165306368,
 'memusage/startup': 165306368,
 'request_depth_max': 1,
 'response_received_count': 3,
 'robotstxt/request_count': 1,
 'robotstxt/response_count': 1,
 'robotstxt/response_status_count/404': 1,
 'scheduler/dequeued': 2,
 'scheduler/dequeued/memory': 2,
 'scheduler/enqueued': 2,
 'scheduler/enqueued/memory': 2,
 'start_time': datetime.datetime(2023, 1, 1, 7, 13, 59, 836081)}
2023-01-01 07:14:02 [scrapy.core.engine] INFO: Spider closed (finished)
2023-01-01 07:14:03 [scrapy.utils.log] INFO: Scrapy 2.7.1 started (bot: keiba)
2023-01-01 07:14:03 [scrapy.utils.log] INFO: Versions: lxml 4.9.2.0, libxml2 2.9.14, cssselect 1.2.0, parsel 1.7.0, w3lib 2.1.1, Twisted 22.10.0, Python 3.9.16 (main, Dec  8 2022, 02:47:33) - [GCC 10.2.1 20210110], pyOpenSSL 22.1.0 (OpenSSL 3.0.7 1 Nov 2022), cryptography 38.0.4, Platform Linux-5.10.102.1-microsoft-standard-WSL2-x86_64-with-glibc2.31
2023-01-01 07:14:03 [scrapy.crawler] INFO: Overridden settings:
{'BOT_NAME': 'keiba',
 'DOWNLOAD_DELAY': 1,
 'NEWSPIDER_MODULE': 'keiba.spiders',
 'ROBOTSTXT_OBEY': True,
 'SPIDER_MODULES': ['keiba.spiders']}
2023-01-01 07:14:03 [py.warnings] WARNING: /home/keiba/.local/lib/python3.9/site-packages/scrapy/utils/request.py:231: ScrapyDeprecationWarning: '2.6' is a deprecated value for the 'REQUEST_FINGERPRINTER_IMPLEMENTATION' setting.

It is also the default value. In other words, it is normal to get this warning if you have not defined a value for the 'REQUEST_FINGERPRINTER_IMPLEMENTATION' setting. This is so for backward compatibility reasons, but it will change in a future version of Scrapy.

See the documentation of the 'REQUEST_FINGERPRINTER_IMPLEMENTATION' setting for information on how to handle this deprecation.
  return cls(crawler)

2023-01-01 07:14:03 [scrapy.utils.log] DEBUG: Using reactor: twisted.internet.epollreactor.EPollReactor
2023-01-01 07:14:03 [scrapy.extensions.telnet] INFO: Telnet Password: 42ea486b230ab1b3
2023-01-01 07:14:03 [scrapy.middleware] INFO: Enabled extensions:
['scrapy.extensions.corestats.CoreStats',
 'scrapy.extensions.telnet.TelnetConsole',
 'scrapy.extensions.memusage.MemoryUsage',
 'scrapy.extensions.logstats.LogStats']
2023-01-01 07:14:03 [scrapy.middleware] INFO: Enabled downloader middlewares:
['scrapy.downloadermiddlewares.robotstxt.RobotsTxtMiddleware',
 'scrapy.downloadermiddlewares.httpauth.HttpAuthMiddleware',
 'scrapy.downloadermiddlewares.downloadtimeout.DownloadTimeoutMiddleware',
 'scrapy.downloadermiddlewares.defaultheaders.DefaultHeadersMiddleware',
 'scrapy.downloadermiddlewares.useragent.UserAgentMiddleware',
 'scrapy.downloadermiddlewares.retry.RetryMiddleware',
 'scrapy.downloadermiddlewares.redirect.MetaRefreshMiddleware',
 'scrapy.downloadermiddlewares.httpcompression.HttpCompressionMiddleware',
 'scrapy.downloadermiddlewares.redirect.RedirectMiddleware',
 'scrapy.downloadermiddlewares.cookies.CookiesMiddleware',
 'scrapy.downloadermiddlewares.httpproxy.HttpProxyMiddleware',
 'scrapy.downloadermiddlewares.stats.DownloaderStats']
2023-01-01 07:14:03 [scrapy.middleware] INFO: Enabled spider middlewares:
['scrapy.spidermiddlewares.httperror.HttpErrorMiddleware',
 'scrapy.spidermiddlewares.offsite.OffsiteMiddleware',
 'scrapy.spidermiddlewares.referer.RefererMiddleware',
 'scrapy.spidermiddlewares.urllength.UrlLengthMiddleware',
 'scrapy.spidermiddlewares.depth.DepthMiddleware']
2023-01-01 07:14:03 [scrapy.middleware] INFO: Enabled item pipelines:
[]
2023-01-01 07:14:03 [scrapy.core.engine] INFO: Spider opened
2023-01-01 07:14:03 [scrapy.extensions.logstats] INFO: Crawled 0 pages (at 0 pages/min), scraped 0 items (at 0 items/min)
2023-01-01 07:14:03 [scrapy.extensions.telnet] INFO: Telnet console listening on 127.0.0.1:6025
2023-01-01 07:14:04 [scrapy.core.engine] DEBUG: Crawled (404) <GET https://race.netkeiba.com/robots.txt> (referer: None)
2023-01-01 07:14:05 [filelock] DEBUG: Attempting to acquire lock 140329782142720 on /home/keiba/.cache/python-tldextract/3.9.16.final__local__ecb11d__tldextract-3.4.0/publicsuffix.org-tlds/de84b5ca2167d4c83e38fb162f2e8738.tldextract.json.lock
2023-01-01 07:14:05 [filelock] DEBUG: Lock 140329782142720 acquired on /home/keiba/.cache/python-tldextract/3.9.16.final__local__ecb11d__tldextract-3.4.0/publicsuffix.org-tlds/de84b5ca2167d4c83e38fb162f2e8738.tldextract.json.lock
2023-01-01 07:14:05 [filelock] DEBUG: Attempting to release lock 140329782142720 on /home/keiba/.cache/python-tldextract/3.9.16.final__local__ecb11d__tldextract-3.4.0/publicsuffix.org-tlds/de84b5ca2167d4c83e38fb162f2e8738.tldextract.json.lock
2023-01-01 07:14:05 [filelock] DEBUG: Lock 140329782142720 released on /home/keiba/.cache/python-tldextract/3.9.16.final__local__ecb11d__tldextract-3.4.0/publicsuffix.org-tlds/de84b5ca2167d4c83e38fb162f2e8738.tldextract.json.lock
2023-01-01 07:14:05 [scrapy.core.engine] DEBUG: Crawled (200) <GET https://race.netkeiba.com/top/schedule.html?rf=sidemenu> (referer: None)
2023-01-01 07:14:06 [scrapy.core.engine] DEBUG: Crawled (200) <POST https://race.netkeiba.com/top/schedule.html?rf=sidemenu> (referer: https://race.netkeiba.com/top/schedule.html?rf=sidemenu)
============================
■デバッグ
============================
            レースID        日付              レース名    格 競馬場      距離    条件  馬体重
0    202206010111  01/05(水)              中山金杯   G3  中山  芝2000m   4歳上  ハンデ
1    202207010111  01/05(水)              京都金杯   G3  中京  芝1600m   4歳上  ハンデ
2    202207010311  01/09(日)            シンザン記念   G3  中京  芝1600m    3歳   別定
3    202206010411  01/10(月)        フェアリーステークス   G3  中山  芝1600m   3歳牝   別定
4    202207010511  01/15(土)               愛知杯   G3  中京  芝2000m  4歳上牝  ハンデ
..            ...       ...               ...  ...  ..     ...   ...  ...
134  202209060611  12/18(日)  朝日杯フューチュリティステークス   G1  阪神  芝1600m  2歳牡牝   馬齢
135  202206050710  12/24(土)             中山大障害  JG1  中山  障4100m   3歳上   定量
136  202209060711  12/24(土)             阪神カップ   G2  阪神  芝1400m   3歳上   定量
137  202206050811  12/25(日)              有馬記念   G1  中山  芝2500m   3歳上   定量
138  202206050911  12/28(水)        ホープフルステークス   G1  中山  芝2000m  2歳牡牝   馬齢

[139 rows x 8 columns]
2023-01-01 07:14:07 [scrapy.core.engine] INFO: Closing spider (finished)
2023-01-01 07:14:07 [scrapy.statscollectors] INFO: Dumping Scrapy stats:
{'downloader/request_bytes': 927,
 'downloader/request_count': 3,
 'downloader/request_method_count/GET': 2,
 'downloader/request_method_count/POST': 1,
 'downloader/response_bytes': 109340,
 'downloader/response_count': 3,
 'downloader/response_status_count/200': 2,
 'downloader/response_status_count/404': 1,
 'elapsed_time_seconds': 3.170582,
 'finish_reason': 'finished',
 'finish_time': datetime.datetime(2023, 1, 1, 7, 14, 7, 90345),
 'log_count/DEBUG': 8,
 'log_count/INFO': 10,
 'log_count/WARNING': 1,
 'memusage/max': 165306368,
 'memusage/startup': 165306368,
 'request_depth_max': 1,
 'response_received_count': 3,
 'robotstxt/request_count': 1,
 'robotstxt/response_count': 1,
 'robotstxt/response_status_count/404': 1,
 'scheduler/dequeued': 2,
 'scheduler/dequeued/memory': 2,
 'scheduler/enqueued': 2,
 'scheduler/enqueued/memory': 2,
 'start_time': datetime.datetime(2023, 1, 1, 7, 14, 3, 919763)}
2023-01-01 07:14:07 [scrapy.core.engine] INFO: Spider closed (finished)
