2022-12-25 06:16:11 [scrapy.utils.log] INFO: Scrapy 2.7.1 started (bot: keiba)
2022-12-25 06:16:11 [scrapy.utils.log] INFO: Versions: lxml 4.9.2.0, libxml2 2.9.14, cssselect 1.2.0, parsel 1.7.0, w3lib 2.1.1, Twisted 22.10.0, Python 3.9.16 (main, Dec  8 2022, 02:47:33) - [GCC 10.2.1 20210110], pyOpenSSL 22.1.0 (OpenSSL 3.0.7 1 Nov 2022), cryptography 38.0.4, Platform Linux-5.10.102.1-microsoft-standard-WSL2-x86_64-with-glibc2.31
2022-12-25 06:16:11 [scrapy.crawler] INFO: Overridden settings:
{'BOT_NAME': 'keiba',
 'DOWNLOAD_DELAY': 1,
 'NEWSPIDER_MODULE': 'keiba.spiders',
 'ROBOTSTXT_OBEY': True,
 'SPIDER_MODULES': ['keiba.spiders']}
2022-12-25 06:16:11 [py.warnings] WARNING: /home/keiba/.local/lib/python3.9/site-packages/scrapy/utils/request.py:231: ScrapyDeprecationWarning: '2.6' is a deprecated value for the 'REQUEST_FINGERPRINTER_IMPLEMENTATION' setting.

It is also the default value. In other words, it is normal to get this warning if you have not defined a value for the 'REQUEST_FINGERPRINTER_IMPLEMENTATION' setting. This is so for backward compatibility reasons, but it will change in a future version of Scrapy.

See the documentation of the 'REQUEST_FINGERPRINTER_IMPLEMENTATION' setting for information on how to handle this deprecation.
  return cls(crawler)

2022-12-25 06:16:11 [scrapy.utils.log] DEBUG: Using reactor: twisted.internet.epollreactor.EPollReactor
2022-12-25 06:16:11 [scrapy.extensions.telnet] INFO: Telnet Password: ba894caac09d5b02
2022-12-25 06:16:11 [scrapy.middleware] INFO: Enabled extensions:
['scrapy.extensions.corestats.CoreStats',
 'scrapy.extensions.telnet.TelnetConsole',
 'scrapy.extensions.memusage.MemoryUsage',
 'scrapy.extensions.logstats.LogStats']
2022-12-25 06:16:11 [scrapy.middleware] INFO: Enabled downloader middlewares:
['scrapy.downloadermiddlewares.robotstxt.RobotsTxtMiddleware',
 'scrapy.downloadermiddlewares.httpauth.HttpAuthMiddleware',
 'scrapy.downloadermiddlewares.downloadtimeout.DownloadTimeoutMiddleware',
 'scrapy.downloadermiddlewares.defaultheaders.DefaultHeadersMiddleware',
 'scrapy.downloadermiddlewares.useragent.UserAgentMiddleware',
 'scrapy.downloadermiddlewares.retry.RetryMiddleware',
 'scrapy.downloadermiddlewares.redirect.MetaRefreshMiddleware',
 'scrapy.downloadermiddlewares.httpcompression.HttpCompressionMiddleware',
 'scrapy.downloadermiddlewares.redirect.RedirectMiddleware',
 'scrapy.downloadermiddlewares.cookies.CookiesMiddleware',
 'scrapy.downloadermiddlewares.httpproxy.HttpProxyMiddleware',
 'scrapy.downloadermiddlewares.stats.DownloaderStats']
2022-12-25 06:16:11 [scrapy.middleware] INFO: Enabled spider middlewares:
['scrapy.spidermiddlewares.httperror.HttpErrorMiddleware',
 'scrapy.spidermiddlewares.offsite.OffsiteMiddleware',
 'scrapy.spidermiddlewares.referer.RefererMiddleware',
 'scrapy.spidermiddlewares.urllength.UrlLengthMiddleware',
 'scrapy.spidermiddlewares.depth.DepthMiddleware']
2022-12-25 06:16:11 [scrapy.middleware] INFO: Enabled item pipelines:
[]
2022-12-25 06:16:11 [scrapy.core.engine] INFO: Spider opened
2022-12-25 06:16:11 [scrapy.extensions.logstats] INFO: Crawled 0 pages (at 0 pages/min), scraped 0 items (at 0 items/min)
2022-12-25 06:16:11 [scrapy.extensions.telnet] INFO: Telnet console listening on 127.0.0.1:6023
2022-12-25 06:16:11 [scrapy.core.engine] DEBUG: Crawled (404) <GET https://race.netkeiba.com/robots.txt> (referer: None)
2022-12-25 06:16:13 [filelock] DEBUG: Attempting to acquire lock 140484556012272 on /home/keiba/.cache/python-tldextract/3.9.16.final__local__ecb11d__tldextract-3.4.0/publicsuffix.org-tlds/de84b5ca2167d4c83e38fb162f2e8738.tldextract.json.lock
2022-12-25 06:16:13 [filelock] DEBUG: Lock 140484556012272 acquired on /home/keiba/.cache/python-tldextract/3.9.16.final__local__ecb11d__tldextract-3.4.0/publicsuffix.org-tlds/de84b5ca2167d4c83e38fb162f2e8738.tldextract.json.lock
2022-12-25 06:16:13 [filelock] DEBUG: Attempting to release lock 140484556012272 on /home/keiba/.cache/python-tldextract/3.9.16.final__local__ecb11d__tldextract-3.4.0/publicsuffix.org-tlds/de84b5ca2167d4c83e38fb162f2e8738.tldextract.json.lock
2022-12-25 06:16:13 [filelock] DEBUG: Lock 140484556012272 released on /home/keiba/.cache/python-tldextract/3.9.16.final__local__ecb11d__tldextract-3.4.0/publicsuffix.org-tlds/de84b5ca2167d4c83e38fb162f2e8738.tldextract.json.lock
2022-12-25 06:16:13 [scrapy.core.engine] DEBUG: Crawled (200) <GET https://race.netkeiba.com/race/shutuba.html?race_id=202206050811&rf=race_list> (referer: None)
============================
■デバッグ
============================
           レースID  レース名  ...   騎手ID  調教師ID
0   202206050811  有馬記念  ...  00732  01039
1   202206050811  有馬記念  ...  05203  01166
2   202206050811  有馬記念  ...  01014  01073
3   202206050811  有馬記念  ...  00666  01002
4   202206050811  有馬記念  ...  05473  01151
5   202206050811  有馬記念  ...  01126  01155
6   202206050811  有馬記念  ...  01170  01097
7   202206050811  有馬記念  ...  01018  00422
8   202206050811  有馬記念  ...  05339  01126
9   202206050811  有馬記念  ...  05626  01157
10  202206050811  有馬記念  ...  01122  01054
11  202206050811  有馬記念  ...  01095  01061
12  202206050811  有馬記念  ...  01140  01127
13  202206050811  有馬記念  ...  01115  01071
14  202206050811  有馬記念  ...  05386  01133
15  202206050811  有馬記念  ...  01088  01058

[16 rows x 15 columns]
2022-12-25 06:16:13 [scrapy.core.engine] INFO: Closing spider (finished)
2022-12-25 06:16:13 [scrapy.statscollectors] INFO: Dumping Scrapy stats:
{'downloader/request_bytes': 495,
 'downloader/request_count': 2,
 'downloader/request_method_count/GET': 2,
 'downloader/response_bytes': 116207,
 'downloader/response_count': 2,
 'downloader/response_status_count/200': 1,
 'downloader/response_status_count/404': 1,
 'elapsed_time_seconds': 1.713533,
 'finish_reason': 'finished',
 'finish_time': datetime.datetime(2022, 12, 25, 6, 16, 13, 402040),
 'log_count/DEBUG': 7,
 'log_count/INFO': 10,
 'log_count/WARNING': 1,
 'memusage/max': 1008312320,
 'memusage/startup': 1008312320,
 'response_received_count': 2,
 'robotstxt/request_count': 1,
 'robotstxt/response_count': 1,
 'robotstxt/response_status_count/404': 1,
 'scheduler/dequeued': 1,
 'scheduler/dequeued/memory': 1,
 'scheduler/enqueued': 1,
 'scheduler/enqueued/memory': 1,
 'start_time': datetime.datetime(2022, 12, 25, 6, 16, 11, 688507)}
2022-12-25 06:16:13 [scrapy.core.engine] INFO: Spider closed (finished)
