2022-12-19 17:00:29 [scrapy.utils.log] INFO: Scrapy 2.7.1 started (bot: keiba)
2022-12-19 17:00:29 [scrapy.utils.log] INFO: Versions: lxml 4.9.2.0, libxml2 2.9.14, cssselect 1.2.0, parsel 1.7.0, w3lib 2.1.1, Twisted 22.10.0, Python 3.9.16 (main, Dec  8 2022, 02:47:33) - [GCC 10.2.1 20210110], pyOpenSSL 22.1.0 (OpenSSL 3.0.7 1 Nov 2022), cryptography 38.0.4, Platform Linux-5.10.102.1-microsoft-standard-WSL2-x86_64-with-glibc2.31
2022-12-19 17:00:29 [scrapy.crawler] INFO: Overridden settings:
{'BOT_NAME': 'keiba',
 'DOWNLOAD_DELAY': 1,
 'NEWSPIDER_MODULE': 'keiba.spiders',
 'ROBOTSTXT_OBEY': True,
 'SPIDER_MODULES': ['keiba.spiders']}
2022-12-19 17:00:29 [py.warnings] WARNING: /home/keiba/.local/lib/python3.9/site-packages/scrapy/utils/request.py:231: ScrapyDeprecationWarning: '2.6' is a deprecated value for the 'REQUEST_FINGERPRINTER_IMPLEMENTATION' setting.

It is also the default value. In other words, it is normal to get this warning if you have not defined a value for the 'REQUEST_FINGERPRINTER_IMPLEMENTATION' setting. This is so for backward compatibility reasons, but it will change in a future version of Scrapy.

See the documentation of the 'REQUEST_FINGERPRINTER_IMPLEMENTATION' setting for information on how to handle this deprecation.
  return cls(crawler)

2022-12-19 17:00:29 [scrapy.utils.log] DEBUG: Using reactor: twisted.internet.epollreactor.EPollReactor
2022-12-19 17:00:29 [scrapy.extensions.telnet] INFO: Telnet Password: 77f85d288027eb7d
2022-12-19 17:00:29 [scrapy.middleware] INFO: Enabled extensions:
['scrapy.extensions.corestats.CoreStats',
 'scrapy.extensions.telnet.TelnetConsole',
 'scrapy.extensions.memusage.MemoryUsage',
 'scrapy.extensions.logstats.LogStats']
2022-12-19 17:00:29 [scrapy.middleware] INFO: Enabled downloader middlewares:
['scrapy.downloadermiddlewares.robotstxt.RobotsTxtMiddleware',
 'scrapy.downloadermiddlewares.httpauth.HttpAuthMiddleware',
 'scrapy.downloadermiddlewares.downloadtimeout.DownloadTimeoutMiddleware',
 'scrapy.downloadermiddlewares.defaultheaders.DefaultHeadersMiddleware',
 'scrapy.downloadermiddlewares.useragent.UserAgentMiddleware',
 'scrapy.downloadermiddlewares.retry.RetryMiddleware',
 'scrapy.downloadermiddlewares.redirect.MetaRefreshMiddleware',
 'scrapy.downloadermiddlewares.httpcompression.HttpCompressionMiddleware',
 'scrapy.downloadermiddlewares.redirect.RedirectMiddleware',
 'scrapy.downloadermiddlewares.cookies.CookiesMiddleware',
 'scrapy.downloadermiddlewares.httpproxy.HttpProxyMiddleware',
 'scrapy.downloadermiddlewares.stats.DownloaderStats']
2022-12-19 17:00:29 [scrapy.middleware] INFO: Enabled spider middlewares:
['scrapy.spidermiddlewares.httperror.HttpErrorMiddleware',
 'scrapy.spidermiddlewares.offsite.OffsiteMiddleware',
 'scrapy.spidermiddlewares.referer.RefererMiddleware',
 'scrapy.spidermiddlewares.urllength.UrlLengthMiddleware',
 'scrapy.spidermiddlewares.depth.DepthMiddleware']
2022-12-19 17:00:29 [scrapy.middleware] INFO: Enabled item pipelines:
[]
2022-12-19 17:00:29 [scrapy.core.engine] INFO: Spider opened
2022-12-19 17:00:29 [scrapy.extensions.logstats] INFO: Crawled 0 pages (at 0 pages/min), scraped 0 items (at 0 items/min)
2022-12-19 17:00:29 [scrapy.extensions.telnet] INFO: Telnet console listening on 127.0.0.1:6023
2022-12-19 17:00:29 [scrapy.core.engine] DEBUG: Crawled (404) <GET https://db.netkeiba.com/robots.txt> (referer: None)
2022-12-19 17:00:30 [filelock] DEBUG: Attempting to acquire lock 140460265174256 on /home/keiba/.cache/python-tldextract/3.9.16.final__local__ecb11d__tldextract-3.4.0/publicsuffix.org-tlds/de84b5ca2167d4c83e38fb162f2e8738.tldextract.json.lock
2022-12-19 17:00:30 [filelock] DEBUG: Lock 140460265174256 acquired on /home/keiba/.cache/python-tldextract/3.9.16.final__local__ecb11d__tldextract-3.4.0/publicsuffix.org-tlds/de84b5ca2167d4c83e38fb162f2e8738.tldextract.json.lock
2022-12-19 17:00:30 [filelock] DEBUG: Attempting to release lock 140460265174256 on /home/keiba/.cache/python-tldextract/3.9.16.final__local__ecb11d__tldextract-3.4.0/publicsuffix.org-tlds/de84b5ca2167d4c83e38fb162f2e8738.tldextract.json.lock
2022-12-19 17:00:30 [filelock] DEBUG: Lock 140460265174256 released on /home/keiba/.cache/python-tldextract/3.9.16.final__local__ecb11d__tldextract-3.4.0/publicsuffix.org-tlds/de84b5ca2167d4c83e38fb162f2e8738.tldextract.json.lock
2022-12-19 17:00:30 [scrapy.core.engine] DEBUG: Crawled (200) <GET https://db.netkeiba.com/horse/result/2018104963> (referer: None)
2022-12-19 17:00:30 [scrapy.core.scraper] ERROR: Spider error processing <GET https://db.netkeiba.com/horse/result/2018104963> (referer: None)
Traceback (most recent call last):
  File "/home/keiba/.local/lib/python3.9/site-packages/twisted/internet/defer.py", line 892, in _runCallbacks
    current.result = callback(  # type: ignore[misc]
  File "/home/keiba/.local/lib/python3.9/site-packages/scrapy/spiders/__init__.py", line 67, in _parse
    return self.parse(response, **kwargs)
  File "/home/keiba/src/scrapy/keiba/keiba/spiders/coll_horse_grades.py", line 93, in parse
    weight = weight_info_list[0]
IndexError: list index out of range
2022-12-19 17:00:31 [scrapy.core.engine] INFO: Closing spider (finished)
2022-12-19 17:00:31 [scrapy.statscollectors] INFO: Dumping Scrapy stats:
{'downloader/request_bytes': 463,
 'downloader/request_count': 2,
 'downloader/request_method_count/GET': 2,
 'downloader/response_bytes': 52098,
 'downloader/response_count': 2,
 'downloader/response_status_count/200': 1,
 'downloader/response_status_count/404': 1,
 'elapsed_time_seconds': 1.77911,
 'finish_reason': 'finished',
 'finish_time': datetime.datetime(2022, 12, 19, 17, 0, 31, 38182),
 'log_count/DEBUG': 7,
 'log_count/ERROR': 1,
 'log_count/INFO': 10,
 'log_count/WARNING': 1,
 'memusage/max': 245100544,
 'memusage/startup': 245100544,
 'response_received_count': 2,
 'robotstxt/request_count': 1,
 'robotstxt/response_count': 1,
 'robotstxt/response_status_count/404': 1,
 'scheduler/dequeued': 1,
 'scheduler/dequeued/memory': 1,
 'scheduler/enqueued': 1,
 'scheduler/enqueued/memory': 1,
 'spider_exceptions/IndexError': 1,
 'start_time': datetime.datetime(2022, 12, 19, 17, 0, 29, 259072)}
2022-12-19 17:00:31 [scrapy.core.engine] INFO: Spider closed (finished)
2022-12-19 17:00:32 [scrapy.utils.log] INFO: Scrapy 2.7.1 started (bot: keiba)
2022-12-19 17:00:32 [scrapy.utils.log] INFO: Versions: lxml 4.9.2.0, libxml2 2.9.14, cssselect 1.2.0, parsel 1.7.0, w3lib 2.1.1, Twisted 22.10.0, Python 3.9.16 (main, Dec  8 2022, 02:47:33) - [GCC 10.2.1 20210110], pyOpenSSL 22.1.0 (OpenSSL 3.0.7 1 Nov 2022), cryptography 38.0.4, Platform Linux-5.10.102.1-microsoft-standard-WSL2-x86_64-with-glibc2.31
2022-12-19 17:00:32 [scrapy.crawler] INFO: Overridden settings:
{'BOT_NAME': 'keiba',
 'DOWNLOAD_DELAY': 1,
 'NEWSPIDER_MODULE': 'keiba.spiders',
 'ROBOTSTXT_OBEY': True,
 'SPIDER_MODULES': ['keiba.spiders']}
2022-12-19 17:00:32 [py.warnings] WARNING: /home/keiba/.local/lib/python3.9/site-packages/scrapy/utils/request.py:231: ScrapyDeprecationWarning: '2.6' is a deprecated value for the 'REQUEST_FINGERPRINTER_IMPLEMENTATION' setting.

It is also the default value. In other words, it is normal to get this warning if you have not defined a value for the 'REQUEST_FINGERPRINTER_IMPLEMENTATION' setting. This is so for backward compatibility reasons, but it will change in a future version of Scrapy.

See the documentation of the 'REQUEST_FINGERPRINTER_IMPLEMENTATION' setting for information on how to handle this deprecation.
  return cls(crawler)

2022-12-19 17:00:32 [scrapy.utils.log] DEBUG: Using reactor: twisted.internet.epollreactor.EPollReactor
2022-12-19 17:00:32 [scrapy.extensions.telnet] INFO: Telnet Password: ba23ea92d45b69cb
2022-12-19 17:00:32 [scrapy.middleware] INFO: Enabled extensions:
['scrapy.extensions.corestats.CoreStats',
 'scrapy.extensions.telnet.TelnetConsole',
 'scrapy.extensions.memusage.MemoryUsage',
 'scrapy.extensions.logstats.LogStats']
2022-12-19 17:00:32 [scrapy.middleware] INFO: Enabled downloader middlewares:
['scrapy.downloadermiddlewares.robotstxt.RobotsTxtMiddleware',
 'scrapy.downloadermiddlewares.httpauth.HttpAuthMiddleware',
 'scrapy.downloadermiddlewares.downloadtimeout.DownloadTimeoutMiddleware',
 'scrapy.downloadermiddlewares.defaultheaders.DefaultHeadersMiddleware',
 'scrapy.downloadermiddlewares.useragent.UserAgentMiddleware',
 'scrapy.downloadermiddlewares.retry.RetryMiddleware',
 'scrapy.downloadermiddlewares.redirect.MetaRefreshMiddleware',
 'scrapy.downloadermiddlewares.httpcompression.HttpCompressionMiddleware',
 'scrapy.downloadermiddlewares.redirect.RedirectMiddleware',
 'scrapy.downloadermiddlewares.cookies.CookiesMiddleware',
 'scrapy.downloadermiddlewares.httpproxy.HttpProxyMiddleware',
 'scrapy.downloadermiddlewares.stats.DownloaderStats']
2022-12-19 17:00:32 [scrapy.middleware] INFO: Enabled spider middlewares:
['scrapy.spidermiddlewares.httperror.HttpErrorMiddleware',
 'scrapy.spidermiddlewares.offsite.OffsiteMiddleware',
 'scrapy.spidermiddlewares.referer.RefererMiddleware',
 'scrapy.spidermiddlewares.urllength.UrlLengthMiddleware',
 'scrapy.spidermiddlewares.depth.DepthMiddleware']
2022-12-19 17:00:32 [scrapy.middleware] INFO: Enabled item pipelines:
[]
2022-12-19 17:00:32 [scrapy.core.engine] INFO: Spider opened
2022-12-19 17:00:32 [scrapy.extensions.logstats] INFO: Crawled 0 pages (at 0 pages/min), scraped 0 items (at 0 items/min)
2022-12-19 17:00:32 [scrapy.extensions.telnet] INFO: Telnet console listening on 127.0.0.1:6023
2022-12-19 17:00:32 [scrapy.core.engine] DEBUG: Crawled (404) <GET https://db.netkeiba.com/robots.txt> (referer: None)
2022-12-19 17:00:33 [filelock] DEBUG: Attempting to acquire lock 140490524358688 on /home/keiba/.cache/python-tldextract/3.9.16.final__local__ecb11d__tldextract-3.4.0/publicsuffix.org-tlds/de84b5ca2167d4c83e38fb162f2e8738.tldextract.json.lock
2022-12-19 17:00:33 [filelock] DEBUG: Lock 140490524358688 acquired on /home/keiba/.cache/python-tldextract/3.9.16.final__local__ecb11d__tldextract-3.4.0/publicsuffix.org-tlds/de84b5ca2167d4c83e38fb162f2e8738.tldextract.json.lock
2022-12-19 17:00:33 [filelock] DEBUG: Attempting to release lock 140490524358688 on /home/keiba/.cache/python-tldextract/3.9.16.final__local__ecb11d__tldextract-3.4.0/publicsuffix.org-tlds/de84b5ca2167d4c83e38fb162f2e8738.tldextract.json.lock
2022-12-19 17:00:33 [filelock] DEBUG: Lock 140490524358688 released on /home/keiba/.cache/python-tldextract/3.9.16.final__local__ecb11d__tldextract-3.4.0/publicsuffix.org-tlds/de84b5ca2167d4c83e38fb162f2e8738.tldextract.json.lock
2022-12-19 17:00:33 [scrapy.core.engine] DEBUG: Crawled (200) <GET https://db.netkeiba.com/horse/result/2018105074> (referer: None)
[['2022/12/10', '6中京3', '晴', '11', '中日新聞杯(G3)', '202207060311', '18', '2', '4', '96.1', '15', '8', '幸英明', '00732', '57', '2000', '芝', '良', '1:59.8', '0.4', '5-6-8-6', '37.2-35.1', '34.9', '474', '0', 'キラーアビリティ', '\xa0']]
[['2022/10/30', '4阪神9', '晴', '11', 'カシオペアS(L)', '202209040911', '15', '3', '5', '28.9', '9', '12', '和田竜二', '01018', '58', '1800', '芝', '良', '1:46.9', '0.8', '10-13', '35.9-33.6', '33.5', '474', '+2', 'アドマイヤビルゴ', '\xa0']]
[['2021/09/26', '5中京7', '雨', '11', '神戸新聞杯(G2)', '202107050711', '10', '2', '2', '9.1', '4', '8', '和田竜二', '01018', '56', '2200', '芝', '不', '2:19.4', '1.4', '5-5-5-3', '37.0-36.5', '37.5', '472', '+2', 'ステラヴェローチェ', '\xa0']]
[['2021/05/30', '2東京12', '晴', '11', '東京優駿(G1)', '202105021211', '17', '6', '12', '16.2', '5', '10', '和田竜二', '01018', '57', '2400', '芝', '良', '2:23.3', '0.8', '10-8-6-5', '35.0-33.9', '34.4', '470', '+4', 'シャフリヤール', '\xa0']]
[['2021/05/01', '2東京3', '小雨', '11', 'テレビ東京杯青葉賞(G2)', '202105020311', '18', '1', '2', '5.0', '3', '1', '和田竜二', '01018', '56', '2400', '芝', '良', '2:25.2', '0.0', '6-6-6-5', '35.2-34.8', '34.4', '466', '+4', '(キングストンボーイ)', '5,527.4']]
[['2020/11/28', '5阪神8', '晴', '11', 'ラジオN杯京都2歳S(G3)', '202009050811', '10', '7', '8', '4.4', '3', '1', '和田竜二', '01018', '55', '2000', '芝', '良', '2:01.6', '-0.1', '7-7-7-6', '36.6-35.5', '35.0', '462', '-2', '(ラーゴム)', '3,335.7']]
[['2020/10/31', '4京都7', '晴', '9', '萩S(L)', '202008040709', '8', '2', '2', '1.8', '1', '3', '和田竜二', '01018', '55', '1800', '芝', '良', '1:48.3', '0.2', '4-5', '35.6-34.4', '34.1', '464', '+16', 'シュヴァリエローズ', '432.6']]
[['2020/07/25', '2新潟1', '曇', '2', '2歳未勝利', '202004020102', '13', '5', '6', '1.4', '1', '1', '和田竜二', '01018', '54', '1800', '芝', '稍', '1:46.5', '-1.3', '4-4', '35.0-34.3', '34.0', '448', '+4', '(ヴォワドアンジェ)', '510.0']]
[['2020/06/28', '3阪神8', '曇', '5', '2歳新馬', '202009030805', '14', '8', '13', '6.5', '3', '2', '和田竜二', '01018', '54', '1800', '芝', '稍', '1:48.8', '0.5', '13-8', '35.8-35.1', '34.7', '444', '0', 'ダノンザキッド', '280.0']]
============================
■デバッグ
============================
           日付     開催  天気   R  ...  馬体重 馬体重増減     勝ち馬(2着馬)       賞金
0  2022/12/10   6中京3   晴  11  ...  474     0     キラーアビリティ         
1  2022/10/30   4阪神9   晴  11  ...  474    +2     アドマイヤビルゴ         
2  2021/09/26   5中京7   雨  11  ...  472    +2    ステラヴェローチェ         
3  2021/05/30  2東京12   晴  11  ...  470    +4      シャフリヤール         
4  2021/05/01   2東京3  小雨  11  ...  466    +4  (キングストンボーイ)  5,527.4
5  2020/11/28   5阪神8   晴  11  ...  462    -2       (ラーゴム)  3,335.7
6  2020/10/31   4京都7   晴   9  ...  464   +16    シュヴァリエローズ    432.6
7  2020/07/25   2新潟1   曇   2  ...  448    +4   (ヴォワドアンジェ)    510.0
8  2020/06/28   3阪神8   曇   5  ...  444     0      ダノンザキッド    280.0

[9 rows x 27 columns]
2022-12-19 17:00:33 [scrapy.core.engine] INFO: Closing spider (finished)
2022-12-19 17:00:33 [scrapy.statscollectors] INFO: Dumping Scrapy stats:
{'downloader/request_bytes': 463,
 'downloader/request_count': 2,
 'downloader/request_method_count/GET': 2,
 'downloader/response_bytes': 46917,
 'downloader/response_count': 2,
 'downloader/response_status_count/200': 1,
 'downloader/response_status_count/404': 1,
 'elapsed_time_seconds': 1.200116,
 'finish_reason': 'finished',
 'finish_time': datetime.datetime(2022, 12, 19, 17, 0, 33, 450215),
 'log_count/DEBUG': 7,
 'log_count/INFO': 10,
 'log_count/WARNING': 1,
 'memusage/max': 245100544,
 'memusage/startup': 245100544,
 'response_received_count': 2,
 'robotstxt/request_count': 1,
 'robotstxt/response_count': 1,
 'robotstxt/response_status_count/404': 1,
 'scheduler/dequeued': 1,
 'scheduler/dequeued/memory': 1,
 'scheduler/enqueued': 1,
 'scheduler/enqueued/memory': 1,
 'start_time': datetime.datetime(2022, 12, 19, 17, 0, 32, 250099)}
2022-12-19 17:00:33 [scrapy.core.engine] INFO: Spider closed (finished)
